2025-07-03 12:02:13,924 - utils.alice_utils - INFO - Created experiment directoy: classif_alice_foun.
2025-07-03 12:02:13,925 - utils.alice_utils - INFO - Starting Fold 1
2025-07-03 12:02:19,496 - utils.alice_utils - INFO - Fold 1, Epoch 1/10 | Train Loss: 0.6914, Train Balanced Acc: 0.5198, Train Auc-ROC score: 0.5319 | Val Loss: 0.6776, Val Balanced Acc: 0.5883, Val Auc-ROC score: 0.6103 | 
2025-07-03 12:02:23,738 - utils.alice_utils - INFO - Fold 1, Epoch 2/10 | Train Loss: 0.6819, Train Balanced Acc: 0.5919, Train Auc-ROC score: 0.6229 | Val Loss: 0.6791, Val Balanced Acc: 0.6171, Val Auc-ROC score: 0.6448 | 
2025-07-03 12:02:27,666 - utils.alice_utils - INFO - Fold 1, Epoch 3/10 | Train Loss: 0.6780, Train Balanced Acc: 0.5956, Train Auc-ROC score: 0.6250 | Val Loss: 0.6872, Val Balanced Acc: 0.6153, Val Auc-ROC score: 0.6513 | 
2025-07-03 12:02:31,318 - utils.alice_utils - INFO - Fold 1, Epoch 4/10 | Train Loss: 0.6741, Train Balanced Acc: 0.6003, Train Auc-ROC score: 0.6350 | Val Loss: 0.6703, Val Balanced Acc: 0.6144, Val Auc-ROC score: 0.6506 | 
2025-07-03 12:02:35,122 - utils.alice_utils - INFO - Fold 1, Epoch 5/10 | Train Loss: 0.6710, Train Balanced Acc: 0.6000, Train Auc-ROC score: 0.6394 | Val Loss: 0.6685, Val Balanced Acc: 0.6210, Val Auc-ROC score: 0.6541 | 
2025-07-03 12:02:38,630 - utils.alice_utils - INFO - Fold 1, Epoch 6/10 | Train Loss: 0.6711, Train Balanced Acc: 0.5952, Train Auc-ROC score: 0.6321 | Val Loss: 0.6691, Val Balanced Acc: 0.6153, Val Auc-ROC score: 0.6523 | 
2025-07-03 12:02:42,129 - utils.alice_utils - INFO - Fold 1, Epoch 7/10 | Train Loss: 0.6664, Train Balanced Acc: 0.6106, Train Auc-ROC score: 0.6495 | Val Loss: 0.6616, Val Balanced Acc: 0.6196, Val Auc-ROC score: 0.6537 | 
2025-07-03 12:02:45,840 - utils.alice_utils - INFO - Fold 1, Epoch 8/10 | Train Loss: 0.6687, Train Balanced Acc: 0.6025, Train Auc-ROC score: 0.6390 | Val Loss: 0.6693, Val Balanced Acc: 0.6135, Val Auc-ROC score: 0.6551 | 
2025-07-03 12:02:49,368 - utils.alice_utils - INFO - Fold 1, Epoch 9/10 | Train Loss: 0.6668, Train Balanced Acc: 0.6011, Train Auc-ROC score: 0.6433 | Val Loss: 0.6639, Val Balanced Acc: 0.6207, Val Auc-ROC score: 0.6544 | 
2025-07-03 12:02:52,824 - utils.alice_utils - INFO - Fold 1, Epoch 10/10 | Train Loss: 0.6681, Train Balanced Acc: 0.6005, Train Auc-ROC score: 0.6369 | Val Loss: 0.6624, Val Balanced Acc: 0.6135, Val Auc-ROC score: 0.6541 | 
2025-07-03 12:02:52,824 - utils.alice_utils - INFO - Fold 1 - Best Validation Auc-Roc score : 0.6551
2025-07-03 12:02:52,824 - utils.alice_utils - INFO - Starting Fold 2
2025-07-03 12:10:33,753 - utils.alice_utils - INFO - Created experiment directoy: classif_alice_foun.
2025-07-03 12:10:33,755 - utils.alice_utils - INFO - Starting Fold 1
2025-07-03 12:10:38,551 - utils.alice_utils - INFO - Fold 1, Epoch 1/10 | Train Loss: 0.6886, Train Balanced Acc: 0.5479, Train Auc-ROC score: 0.5675 | Val Loss: 0.6945, Val Balanced Acc: 0.5894, Val Auc-ROC score: 0.6200 | 
2025-07-03 12:10:42,567 - utils.alice_utils - INFO - Fold 1, Epoch 2/10 | Train Loss: 0.6820, Train Balanced Acc: 0.5816, Train Auc-ROC score: 0.6055 | Val Loss: 0.6974, Val Balanced Acc: 0.6063, Val Auc-ROC score: 0.6367 | 
2025-07-03 12:10:46,410 - utils.alice_utils - INFO - Fold 1, Epoch 3/10 | Train Loss: 0.6773, Train Balanced Acc: 0.5841, Train Auc-ROC score: 0.6194 | Val Loss: 0.6637, Val Balanced Acc: 0.6097, Val Auc-ROC score: 0.6439 | 
2025-07-03 12:10:50,217 - utils.alice_utils - INFO - Fold 1, Epoch 4/10 | Train Loss: 0.6739, Train Balanced Acc: 0.5973, Train Auc-ROC score: 0.6312 | Val Loss: 0.6632, Val Balanced Acc: 0.6119, Val Auc-ROC score: 0.6492 | 
2025-07-03 12:10:54,035 - utils.alice_utils - INFO - Fold 1, Epoch 5/10 | Train Loss: 0.6710, Train Balanced Acc: 0.5975, Train Auc-ROC score: 0.6355 | Val Loss: 0.6514, Val Balanced Acc: 0.6231, Val Auc-ROC score: 0.6509 | 
2025-07-03 12:10:57,850 - utils.alice_utils - INFO - Fold 1, Epoch 6/10 | Train Loss: 0.6690, Train Balanced Acc: 0.6028, Train Auc-ROC score: 0.6405 | Val Loss: 0.6696, Val Balanced Acc: 0.6181, Val Auc-ROC score: 0.6530 | 
2025-07-03 12:11:01,434 - utils.alice_utils - INFO - Fold 1, Epoch 7/10 | Train Loss: 0.6701, Train Balanced Acc: 0.5967, Train Auc-ROC score: 0.6319 | Val Loss: 0.6582, Val Balanced Acc: 0.6086, Val Auc-ROC score: 0.6513 | 
2025-07-03 12:11:04,987 - utils.alice_utils - INFO - Fold 1, Epoch 8/10 | Train Loss: 0.6673, Train Balanced Acc: 0.5980, Train Auc-ROC score: 0.6397 | Val Loss: 0.6541, Val Balanced Acc: 0.6130, Val Auc-ROC score: 0.6522 | 
2025-07-03 12:11:08,537 - utils.alice_utils - INFO - Fold 1, Epoch 9/10 | Train Loss: 0.6704, Train Balanced Acc: 0.5941, Train Auc-ROC score: 0.6302 | Val Loss: 0.6577, Val Balanced Acc: 0.6117, Val Auc-ROC score: 0.6522 | 
2025-07-03 12:11:12,027 - utils.alice_utils - INFO - Fold 1, Epoch 10/10 | Train Loss: 0.6661, Train Balanced Acc: 0.6037, Train Auc-ROC score: 0.6437 | Val Loss: 0.6553, Val Balanced Acc: 0.6178, Val Auc-ROC score: 0.6524 | 
2025-07-03 12:11:12,028 - utils.alice_utils - INFO - Fold 1 - Best Validation Auc-Roc score : 0.6530
2025-07-03 12:11:12,028 - utils.alice_utils - INFO - Starting Fold 2
2025-07-03 12:11:15,904 - utils.alice_utils - INFO - Fold 2, Epoch 1/10 | Train Loss: 0.6907, Train Balanced Acc: 0.5281, Train Auc-ROC score: 0.5494 | Val Loss: 0.7061, Val Balanced Acc: 0.5671, Val Auc-ROC score: 0.5948 | 
2025-07-03 12:11:19,743 - utils.alice_utils - INFO - Fold 2, Epoch 2/10 | Train Loss: 0.6828, Train Balanced Acc: 0.5881, Train Auc-ROC score: 0.6157 | Val Loss: 0.6800, Val Balanced Acc: 0.5797, Val Auc-ROC score: 0.6228 | 
2025-07-03 12:11:23,609 - utils.alice_utils - INFO - Fold 2, Epoch 3/10 | Train Loss: 0.6770, Train Balanced Acc: 0.6005, Train Auc-ROC score: 0.6316 | Val Loss: 0.6756, Val Balanced Acc: 0.5775, Val Auc-ROC score: 0.6306 | 
2025-07-03 12:11:27,366 - utils.alice_utils - INFO - Fold 2, Epoch 4/10 | Train Loss: 0.6723, Train Balanced Acc: 0.6014, Train Auc-ROC score: 0.6426 | Val Loss: 0.6662, Val Balanced Acc: 0.5770, Val Auc-ROC score: 0.6348 | 
2025-07-03 12:11:31,151 - utils.alice_utils - INFO - Fold 2, Epoch 5/10 | Train Loss: 0.6735, Train Balanced Acc: 0.5994, Train Auc-ROC score: 0.6286 | Val Loss: 0.6729, Val Balanced Acc: 0.5843, Val Auc-ROC score: 0.6373 | 
2025-07-03 12:11:34,912 - utils.alice_utils - INFO - Fold 2, Epoch 6/10 | Train Loss: 0.6666, Train Balanced Acc: 0.6174, Train Auc-ROC score: 0.6532 | Val Loss: 0.6668, Val Balanced Acc: 0.5843, Val Auc-ROC score: 0.6403 | 
2025-07-03 12:11:38,671 - utils.alice_utils - INFO - Fold 2, Epoch 7/10 | Train Loss: 0.6681, Train Balanced Acc: 0.5995, Train Auc-ROC score: 0.6419 | Val Loss: 0.6725, Val Balanced Acc: 0.5942, Val Auc-ROC score: 0.6412 | 
2025-07-03 12:11:42,438 - utils.alice_utils - INFO - Fold 2, Epoch 8/10 | Train Loss: 0.6658, Train Balanced Acc: 0.6053, Train Auc-ROC score: 0.6492 | Val Loss: 0.6670, Val Balanced Acc: 0.5856, Val Auc-ROC score: 0.6420 | 
2025-07-03 12:11:45,903 - utils.alice_utils - INFO - Fold 2, Epoch 9/10 | Train Loss: 0.6660, Train Balanced Acc: 0.6099, Train Auc-ROC score: 0.6470 | Val Loss: 0.6745, Val Balanced Acc: 0.5977, Val Auc-ROC score: 0.6406 | 
2025-07-03 12:11:49,328 - utils.alice_utils - INFO - Fold 2, Epoch 10/10 | Train Loss: 0.6644, Train Balanced Acc: 0.6087, Train Auc-ROC score: 0.6525 | Val Loss: 0.6714, Val Balanced Acc: 0.5929, Val Auc-ROC score: 0.6413 | 
2025-07-03 12:11:49,328 - utils.alice_utils - INFO - Fold 2 - Best Validation Auc-Roc score : 0.6420
2025-07-03 12:11:49,329 - utils.alice_utils - INFO - Starting Fold 3
2025-07-03 12:11:53,003 - utils.alice_utils - INFO - Fold 3, Epoch 1/10 | Train Loss: 0.6889, Train Balanced Acc: 0.5401, Train Auc-ROC score: 0.5622 | Val Loss: 0.7087, Val Balanced Acc: 0.5680, Val Auc-ROC score: 0.5928 | 
2025-07-03 12:11:56,762 - utils.alice_utils - INFO - Fold 3, Epoch 2/10 | Train Loss: 0.6820, Train Balanced Acc: 0.5787, Train Auc-ROC score: 0.6102 | Val Loss: 0.6763, Val Balanced Acc: 0.5932, Val Auc-ROC score: 0.6227 | 
2025-07-03 12:12:00,480 - utils.alice_utils - INFO - Fold 3, Epoch 3/10 | Train Loss: 0.6753, Train Balanced Acc: 0.5992, Train Auc-ROC score: 0.6335 | Val Loss: 0.6870, Val Balanced Acc: 0.5945, Val Auc-ROC score: 0.6259 | 
2025-07-03 12:12:04,181 - utils.alice_utils - INFO - Fold 3, Epoch 4/10 | Train Loss: 0.6734, Train Balanced Acc: 0.5965, Train Auc-ROC score: 0.6301 | Val Loss: 0.6667, Val Balanced Acc: 0.5989, Val Auc-ROC score: 0.6336 | 
2025-07-03 12:12:07,905 - utils.alice_utils - INFO - Fold 3, Epoch 5/10 | Train Loss: 0.6704, Train Balanced Acc: 0.5938, Train Auc-ROC score: 0.6346 | Val Loss: 0.6695, Val Balanced Acc: 0.5915, Val Auc-ROC score: 0.6371 | 
2025-07-03 12:12:11,641 - utils.alice_utils - INFO - Fold 3, Epoch 6/10 | Train Loss: 0.6693, Train Balanced Acc: 0.6001, Train Auc-ROC score: 0.6370 | Val Loss: 0.6684, Val Balanced Acc: 0.5992, Val Auc-ROC score: 0.6393 | 
2025-07-03 12:12:15,358 - utils.alice_utils - INFO - Fold 3, Epoch 7/10 | Train Loss: 0.6640, Train Balanced Acc: 0.6047, Train Auc-ROC score: 0.6516 | Val Loss: 0.6685, Val Balanced Acc: 0.6031, Val Auc-ROC score: 0.6411 | 
2025-07-03 12:12:18,830 - utils.alice_utils - INFO - Fold 3, Epoch 8/10 | Train Loss: 0.6673, Train Balanced Acc: 0.6061, Train Auc-ROC score: 0.6415 | Val Loss: 0.6673, Val Balanced Acc: 0.6025, Val Auc-ROC score: 0.6407 | 
2025-07-03 12:12:22,220 - utils.alice_utils - INFO - Fold 3, Epoch 9/10 | Train Loss: 0.6674, Train Balanced Acc: 0.6036, Train Auc-ROC score: 0.6382 | Val Loss: 0.6719, Val Balanced Acc: 0.6011, Val Auc-ROC score: 0.6407 | 
2025-07-03 12:12:25,643 - utils.alice_utils - INFO - Fold 3, Epoch 10/10 | Train Loss: 0.6676, Train Balanced Acc: 0.6012, Train Auc-ROC score: 0.6359 | Val Loss: 0.6701, Val Balanced Acc: 0.6035, Val Auc-ROC score: 0.6411 | 
2025-07-03 12:12:25,644 - utils.alice_utils - INFO - Fold 3 - Best Validation Auc-Roc score : 0.6411
2025-07-03 12:12:25,644 - utils.alice_utils - INFO - Starting Fold 4
2025-07-03 12:12:29,339 - utils.alice_utils - INFO - Fold 4, Epoch 1/10 | Train Loss: 0.6886, Train Balanced Acc: 0.5512, Train Auc-ROC score: 0.5666 | Val Loss: 0.6819, Val Balanced Acc: 0.5786, Val Auc-ROC score: 0.6006 | 
2025-07-03 12:12:33,010 - utils.alice_utils - INFO - Fold 4, Epoch 2/10 | Train Loss: 0.6803, Train Balanced Acc: 0.5873, Train Auc-ROC score: 0.6209 | Val Loss: 0.6715, Val Balanced Acc: 0.5917, Val Auc-ROC score: 0.6206 | 
2025-07-03 12:12:36,420 - utils.alice_utils - INFO - Fold 4, Epoch 3/10 | Train Loss: 0.6754, Train Balanced Acc: 0.5908, Train Auc-ROC score: 0.6305 | Val Loss: 0.6846, Val Balanced Acc: 0.5985, Val Auc-ROC score: 0.6203 | 
2025-07-03 12:12:40,106 - utils.alice_utils - INFO - Fold 4, Epoch 4/10 | Train Loss: 0.6704, Train Balanced Acc: 0.5957, Train Auc-ROC score: 0.6389 | Val Loss: 0.6874, Val Balanced Acc: 0.6023, Val Auc-ROC score: 0.6237 | 
2025-07-03 12:12:43,839 - utils.alice_utils - INFO - Fold 4, Epoch 5/10 | Train Loss: 0.6693, Train Balanced Acc: 0.5991, Train Auc-ROC score: 0.6387 | Val Loss: 0.6703, Val Balanced Acc: 0.5944, Val Auc-ROC score: 0.6244 | 
2025-07-03 12:12:47,540 - utils.alice_utils - INFO - Fold 4, Epoch 6/10 | Train Loss: 0.6659, Train Balanced Acc: 0.6064, Train Auc-ROC score: 0.6468 | Val Loss: 0.6716, Val Balanced Acc: 0.5952, Val Auc-ROC score: 0.6255 | 
2025-07-03 12:12:51,273 - utils.alice_utils - INFO - Fold 4, Epoch 7/10 | Train Loss: 0.6656, Train Balanced Acc: 0.6038, Train Auc-ROC score: 0.6443 | Val Loss: 0.6721, Val Balanced Acc: 0.5946, Val Auc-ROC score: 0.6261 | 
2025-07-03 12:12:54,697 - utils.alice_utils - INFO - Fold 4, Epoch 8/10 | Train Loss: 0.6646, Train Balanced Acc: 0.6054, Train Auc-ROC score: 0.6481 | Val Loss: 0.6724, Val Balanced Acc: 0.5932, Val Auc-ROC score: 0.6248 | 
2025-07-03 12:12:58,358 - utils.alice_utils - INFO - Fold 4, Epoch 9/10 | Train Loss: 0.6674, Train Balanced Acc: 0.6000, Train Auc-ROC score: 0.6358 | Val Loss: 0.6732, Val Balanced Acc: 0.5913, Val Auc-ROC score: 0.6262 | 
2025-07-03 12:13:02,074 - utils.alice_utils - INFO - Fold 4, Epoch 10/10 | Train Loss: 0.6651, Train Balanced Acc: 0.6027, Train Auc-ROC score: 0.6448 | Val Loss: 0.6741, Val Balanced Acc: 0.5915, Val Auc-ROC score: 0.6265 | 
2025-07-03 12:13:02,075 - utils.alice_utils - INFO - Fold 4 - Best Validation Auc-Roc score : 0.6265
2025-07-03 12:13:02,076 - utils.alice_utils - INFO - Starting Fold 5
2025-07-03 12:13:05,805 - utils.alice_utils - INFO - Fold 5, Epoch 1/10 | Train Loss: 0.6894, Train Balanced Acc: 0.5408, Train Auc-ROC score: 0.5549 | Val Loss: 0.6969, Val Balanced Acc: 0.5780, Val Auc-ROC score: 0.5962 | 
2025-07-03 12:13:09,558 - utils.alice_utils - INFO - Fold 5, Epoch 2/10 | Train Loss: 0.6793, Train Balanced Acc: 0.5936, Train Auc-ROC score: 0.6289 | Val Loss: 0.6801, Val Balanced Acc: 0.5758, Val Auc-ROC score: 0.6084 | 
2025-07-03 12:13:13,299 - utils.alice_utils - INFO - Fold 5, Epoch 3/10 | Train Loss: 0.6735, Train Balanced Acc: 0.5995, Train Auc-ROC score: 0.6370 | Val Loss: 0.6805, Val Balanced Acc: 0.5831, Val Auc-ROC score: 0.6130 | 
2025-07-03 12:13:17,004 - utils.alice_utils - INFO - Fold 5, Epoch 4/10 | Train Loss: 0.6724, Train Balanced Acc: 0.5904, Train Auc-ROC score: 0.6307 | Val Loss: 0.6614, Val Balanced Acc: 0.5694, Val Auc-ROC score: 0.6172 | 
2025-07-03 12:13:20,795 - utils.alice_utils - INFO - Fold 5, Epoch 5/10 | Train Loss: 0.6686, Train Balanced Acc: 0.6034, Train Auc-ROC score: 0.6412 | Val Loss: 0.6657, Val Balanced Acc: 0.5784, Val Auc-ROC score: 0.6178 | 
2025-07-03 12:13:24,565 - utils.alice_utils - INFO - Fold 5, Epoch 6/10 | Train Loss: 0.6638, Train Balanced Acc: 0.6155, Train Auc-ROC score: 0.6564 | Val Loss: 0.6742, Val Balanced Acc: 0.5932, Val Auc-ROC score: 0.6199 | 
2025-07-03 12:13:28,326 - utils.alice_utils - INFO - Fold 5, Epoch 7/10 | Train Loss: 0.6644, Train Balanced Acc: 0.6092, Train Auc-ROC score: 0.6510 | Val Loss: 0.6671, Val Balanced Acc: 0.5837, Val Auc-ROC score: 0.6210 | 
2025-07-03 12:13:32,084 - utils.alice_utils - INFO - Fold 5, Epoch 8/10 | Train Loss: 0.6616, Train Balanced Acc: 0.6174, Train Auc-ROC score: 0.6604 | Val Loss: 0.6651, Val Balanced Acc: 0.5827, Val Auc-ROC score: 0.6212 | 
2025-07-03 12:13:35,518 - utils.alice_utils - INFO - Fold 5, Epoch 9/10 | Train Loss: 0.6653, Train Balanced Acc: 0.6046, Train Auc-ROC score: 0.6435 | Val Loss: 0.6588, Val Balanced Acc: 0.5769, Val Auc-ROC score: 0.6199 | 
2025-07-03 12:13:38,998 - utils.alice_utils - INFO - Fold 5, Epoch 10/10 | Train Loss: 0.6647, Train Balanced Acc: 0.6058, Train Auc-ROC score: 0.6456 | Val Loss: 0.6632, Val Balanced Acc: 0.5817, Val Auc-ROC score: 0.6200 | 
2025-07-03 12:13:38,999 - utils.alice_utils - INFO - Fold 5 - Best Validation Auc-Roc score : 0.6212
2025-07-03 12:13:38,999 - utils.alice_utils - INFO - Average Validation Auc-Roc score : 0.6368 ± 0.0114
2025-07-03 12:13:38,999 - utils.alice_utils - INFO - Evaluating on test set...
2025-07-03 12:13:42,747 - utils.alice_utils - INFO - Fold 1 - Test Balanced Accuracy: 0.5991 - Test AUC-ROC score: 0.6247
2025-07-03 12:13:44,567 - utils.alice_utils - INFO - Fold 2 - Test Balanced Accuracy: 0.5917 - Test AUC-ROC score: 0.6243
2025-07-03 12:13:46,336 - utils.alice_utils - INFO - Fold 3 - Test Balanced Accuracy: 0.5976 - Test AUC-ROC score: 0.6248
2025-07-03 12:13:48,110 - utils.alice_utils - INFO - Fold 4 - Test Balanced Accuracy: 0.5964 - Test AUC-ROC score: 0.6263
2025-07-03 12:13:49,930 - utils.alice_utils - INFO - Fold 5 - Test Balanced Accuracy: 0.5891 - Test AUC-ROC score: 0.6268
2025-07-03 12:13:49,930 - utils.alice_utils - INFO - Average Test Balanced Accuracy: 0.5948 ± 0.0037 | Average AUC-ROC score: 0.6254 ± 0.0010




2025-07-03 12:26:01,489 - utils.alice_utils - INFO - Created experiment directoy: classif_alice_foun_crop_48_instead.
2025-07-03 12:26:01,490 - utils.alice_utils - INFO - Starting Fold 1
2025-07-03 12:26:06,525 - utils.alice_utils - INFO - Fold 1, Epoch 1/10 | Train Loss: 0.6823, Train Balanced Acc: 0.5941, Train Auc-ROC score: 0.6361 | Val Loss: 0.6672, Val Balanced Acc: 0.6756, Val Auc-ROC score: 0.7373 | 
2025-07-03 12:26:10,994 - utils.alice_utils - INFO - Fold 1, Epoch 2/10 | Train Loss: 0.6609, Train Balanced Acc: 0.6835, Train Auc-ROC score: 0.7524 | Val Loss: 0.6389, Val Balanced Acc: 0.7164, Val Auc-ROC score: 0.7745 | 
2025-07-03 12:26:15,462 - utils.alice_utils - INFO - Fold 1, Epoch 3/10 | Train Loss: 0.6450, Train Balanced Acc: 0.7005, Train Auc-ROC score: 0.7749 | Val Loss: 0.6311, Val Balanced Acc: 0.7119, Val Auc-ROC score: 0.7865 | 
2025-07-03 12:26:19,674 - utils.alice_utils - INFO - Fold 1, Epoch 4/10 | Train Loss: 0.6303, Train Balanced Acc: 0.7216, Train Auc-ROC score: 0.7887 | Val Loss: 0.6256, Val Balanced Acc: 0.7164, Val Auc-ROC score: 0.7948 | 
2025-07-03 12:26:23,933 - utils.alice_utils - INFO - Fold 1, Epoch 5/10 | Train Loss: 0.6172, Train Balanced Acc: 0.7187, Train Auc-ROC score: 0.8021 | Val Loss: 0.6133, Val Balanced Acc: 0.7123, Val Auc-ROC score: 0.7970 | 
2025-07-03 12:26:28,239 - utils.alice_utils - INFO - Fold 1, Epoch 6/10 | Train Loss: 0.6132, Train Balanced Acc: 0.7163, Train Auc-ROC score: 0.7950 | Val Loss: 0.6120, Val Balanced Acc: 0.7271, Val Auc-ROC score: 0.7990 | 
2025-07-03 12:26:32,480 - utils.alice_utils - INFO - Fold 1, Epoch 7/10 | Train Loss: 0.6071, Train Balanced Acc: 0.7229, Train Auc-ROC score: 0.7971 | Val Loss: 0.6040, Val Balanced Acc: 0.7225, Val Auc-ROC score: 0.8014 | 
2025-07-03 12:26:36,420 - utils.alice_utils - INFO - Fold 1, Epoch 8/10 | Train Loss: 0.6031, Train Balanced Acc: 0.7247, Train Auc-ROC score: 0.8017 | Val Loss: 0.6045, Val Balanced Acc: 0.7227, Val Auc-ROC score: 0.7999 | 
2025-07-03 12:26:40,297 - utils.alice_utils - INFO - Fold 1, Epoch 9/10 | Train Loss: 0.6002, Train Balanced Acc: 0.7245, Train Auc-ROC score: 0.8056 | Val Loss: 0.6044, Val Balanced Acc: 0.7233, Val Auc-ROC score: 0.8011 | 
2025-07-03 12:26:44,476 - utils.alice_utils - INFO - Fold 1, Epoch 10/10 | Train Loss: 0.6021, Train Balanced Acc: 0.7186, Train Auc-ROC score: 0.7981 | Val Loss: 0.5980, Val Balanced Acc: 0.7274, Val Auc-ROC score: 0.8021 | 
2025-07-03 12:26:44,478 - utils.alice_utils - INFO - Fold 1 - Best Validation Auc-Roc score : 0.8021
2025-07-03 12:26:44,479 - utils.alice_utils - INFO - Starting Fold 2
2025-07-03 12:26:48,673 - utils.alice_utils - INFO - Fold 2, Epoch 1/10 | Train Loss: 0.6790, Train Balanced Acc: 0.6086, Train Auc-ROC score: 0.6634 | Val Loss: 0.6627, Val Balanced Acc: 0.6873, Val Auc-ROC score: 0.7447 | 
2025-07-03 12:26:52,786 - utils.alice_utils - INFO - Fold 2, Epoch 2/10 | Train Loss: 0.6584, Train Balanced Acc: 0.6874, Train Auc-ROC score: 0.7543 | Val Loss: 0.6383, Val Balanced Acc: 0.7076, Val Auc-ROC score: 0.7775 | 
2025-07-03 12:26:56,910 - utils.alice_utils - INFO - Fold 2, Epoch 3/10 | Train Loss: 0.6422, Train Balanced Acc: 0.7080, Train Auc-ROC score: 0.7755 | Val Loss: 0.6302, Val Balanced Acc: 0.7183, Val Auc-ROC score: 0.7929 | 
2025-07-03 12:27:00,999 - utils.alice_utils - INFO - Fold 2, Epoch 4/10 | Train Loss: 0.6292, Train Balanced Acc: 0.7114, Train Auc-ROC score: 0.7834 | Val Loss: 0.6133, Val Balanced Acc: 0.7210, Val Auc-ROC score: 0.7999 | 
2025-07-03 12:27:05,097 - utils.alice_utils - INFO - Fold 2, Epoch 5/10 | Train Loss: 0.6190, Train Balanced Acc: 0.7132, Train Auc-ROC score: 0.7916 | Val Loss: 0.6095, Val Balanced Acc: 0.7235, Val Auc-ROC score: 0.8028 | 
2025-07-03 12:27:09,316 - utils.alice_utils - INFO - Fold 2, Epoch 6/10 | Train Loss: 0.6101, Train Balanced Acc: 0.7205, Train Auc-ROC score: 0.7971 | Val Loss: 0.6081, Val Balanced Acc: 0.7318, Val Auc-ROC score: 0.8062 | 
2025-07-03 12:27:13,479 - utils.alice_utils - INFO - Fold 2, Epoch 7/10 | Train Loss: 0.6076, Train Balanced Acc: 0.7178, Train Auc-ROC score: 0.7926 | Val Loss: 0.5993, Val Balanced Acc: 0.7363, Val Auc-ROC score: 0.8070 | 
2025-07-03 12:27:17,625 - utils.alice_utils - INFO - Fold 2, Epoch 8/10 | Train Loss: 0.6051, Train Balanced Acc: 0.7174, Train Auc-ROC score: 0.7937 | Val Loss: 0.5990, Val Balanced Acc: 0.7324, Val Auc-ROC score: 0.8082 | 
2025-07-03 12:27:21,470 - utils.alice_utils - INFO - Fold 2, Epoch 9/10 | Train Loss: 0.6028, Train Balanced Acc: 0.7191, Train Auc-ROC score: 0.7970 | Val Loss: 0.6036, Val Balanced Acc: 0.7339, Val Auc-ROC score: 0.8082 | 
2025-07-03 12:27:25,258 - utils.alice_utils - INFO - Fold 2, Epoch 10/10 | Train Loss: 0.5997, Train Balanced Acc: 0.7231, Train Auc-ROC score: 0.8023 | Val Loss: 0.6008, Val Balanced Acc: 0.7353, Val Auc-ROC score: 0.8080 | 
2025-07-03 12:27:25,259 - utils.alice_utils - INFO - Fold 2 - Best Validation Auc-Roc score : 0.8082
2025-07-03 12:27:25,259 - utils.alice_utils - INFO - Starting Fold 3
2025-07-03 12:27:29,359 - utils.alice_utils - INFO - Fold 3, Epoch 1/10 | Train Loss: 0.6816, Train Balanced Acc: 0.6028, Train Auc-ROC score: 0.6437 | Val Loss: 0.6603, Val Balanced Acc: 0.7071, Val Auc-ROC score: 0.7598 | 
2025-07-03 12:27:33,442 - utils.alice_utils - INFO - Fold 3, Epoch 2/10 | Train Loss: 0.6580, Train Balanced Acc: 0.6962, Train Auc-ROC score: 0.7696 | Val Loss: 0.6396, Val Balanced Acc: 0.7255, Val Auc-ROC score: 0.7916 | 
2025-07-03 12:27:37,545 - utils.alice_utils - INFO - Fold 3, Epoch 3/10 | Train Loss: 0.6408, Train Balanced Acc: 0.7150, Train Auc-ROC score: 0.7827 | Val Loss: 0.6465, Val Balanced Acc: 0.7222, Val Auc-ROC score: 0.8030 | 
2025-07-03 12:27:41,658 - utils.alice_utils - INFO - Fold 3, Epoch 4/10 | Train Loss: 0.6290, Train Balanced Acc: 0.7114, Train Auc-ROC score: 0.7840 | Val Loss: 0.6291, Val Balanced Acc: 0.7290, Val Auc-ROC score: 0.8086 | 
2025-07-03 12:27:45,853 - utils.alice_utils - INFO - Fold 3, Epoch 5/10 | Train Loss: 0.6196, Train Balanced Acc: 0.7150, Train Auc-ROC score: 0.7891 | Val Loss: 0.6149, Val Balanced Acc: 0.7348, Val Auc-ROC score: 0.8140 | 
2025-07-03 12:27:49,945 - utils.alice_utils - INFO - Fold 3, Epoch 6/10 | Train Loss: 0.6093, Train Balanced Acc: 0.7268, Train Auc-ROC score: 0.8002 | Val Loss: 0.6188, Val Balanced Acc: 0.7406, Val Auc-ROC score: 0.8143 | 
2025-07-03 12:27:54,105 - utils.alice_utils - INFO - Fold 3, Epoch 7/10 | Train Loss: 0.6083, Train Balanced Acc: 0.7184, Train Auc-ROC score: 0.7918 | Val Loss: 0.6090, Val Balanced Acc: 0.7403, Val Auc-ROC score: 0.8167 | 
2025-07-03 12:27:58,411 - utils.alice_utils - INFO - Fold 3, Epoch 8/10 | Train Loss: 0.6077, Train Balanced Acc: 0.7126, Train Auc-ROC score: 0.7877 | Val Loss: 0.6126, Val Balanced Acc: 0.7435, Val Auc-ROC score: 0.8183 | 
2025-07-03 12:28:02,285 - utils.alice_utils - INFO - Fold 3, Epoch 9/10 | Train Loss: 0.6011, Train Balanced Acc: 0.7270, Train Auc-ROC score: 0.8031 | Val Loss: 0.6006, Val Balanced Acc: 0.7427, Val Auc-ROC score: 0.8181 | 
2025-07-03 12:28:06,562 - utils.alice_utils - INFO - Fold 3, Epoch 10/10 | Train Loss: 0.6026, Train Balanced Acc: 0.7144, Train Auc-ROC score: 0.7947 | Val Loss: 0.6046, Val Balanced Acc: 0.7470, Val Auc-ROC score: 0.8204 | 
2025-07-03 12:28:06,564 - utils.alice_utils - INFO - Fold 3 - Best Validation Auc-Roc score : 0.8204
2025-07-03 12:28:06,564 - utils.alice_utils - INFO - Starting Fold 4
2025-07-03 12:28:10,776 - utils.alice_utils - INFO - Fold 4, Epoch 1/10 | Train Loss: 0.6782, Train Balanced Acc: 0.6174, Train Auc-ROC score: 0.6696 | Val Loss: 0.6616, Val Balanced Acc: 0.6645, Val Auc-ROC score: 0.7404 | 
2025-07-03 12:28:15,085 - utils.alice_utils - INFO - Fold 4, Epoch 2/10 | Train Loss: 0.6548, Train Balanced Acc: 0.7029, Train Auc-ROC score: 0.7743 | Val Loss: 0.6526, Val Balanced Acc: 0.6925, Val Auc-ROC score: 0.7653 | 
2025-07-03 12:28:19,251 - utils.alice_utils - INFO - Fold 4, Epoch 3/10 | Train Loss: 0.6381, Train Balanced Acc: 0.7094, Train Auc-ROC score: 0.7840 | Val Loss: 0.6206, Val Balanced Acc: 0.6820, Val Auc-ROC score: 0.7742 | 
2025-07-03 12:28:23,409 - utils.alice_utils - INFO - Fold 4, Epoch 4/10 | Train Loss: 0.6238, Train Balanced Acc: 0.7208, Train Auc-ROC score: 0.7961 | Val Loss: 0.6234, Val Balanced Acc: 0.6916, Val Auc-ROC score: 0.7755 | 
2025-07-03 12:28:27,562 - utils.alice_utils - INFO - Fold 4, Epoch 5/10 | Train Loss: 0.6113, Train Balanced Acc: 0.7281, Train Auc-ROC score: 0.8064 | Val Loss: 0.6143, Val Balanced Acc: 0.6931, Val Auc-ROC score: 0.7799 | 
2025-07-03 12:28:31,667 - utils.alice_utils - INFO - Fold 4, Epoch 6/10 | Train Loss: 0.6096, Train Balanced Acc: 0.7177, Train Auc-ROC score: 0.7934 | Val Loss: 0.6194, Val Balanced Acc: 0.6990, Val Auc-ROC score: 0.7808 | 
2025-07-03 12:28:35,853 - utils.alice_utils - INFO - Fold 4, Epoch 7/10 | Train Loss: 0.6038, Train Balanced Acc: 0.7276, Train Auc-ROC score: 0.8008 | Val Loss: 0.6179, Val Balanced Acc: 0.6934, Val Auc-ROC score: 0.7820 | 
2025-07-03 12:28:40,113 - utils.alice_utils - INFO - Fold 4, Epoch 8/10 | Train Loss: 0.5983, Train Balanced Acc: 0.7308, Train Auc-ROC score: 0.8067 | Val Loss: 0.6145, Val Balanced Acc: 0.7019, Val Auc-ROC score: 0.7827 | 
2025-07-03 12:28:43,974 - utils.alice_utils - INFO - Fold 4, Epoch 9/10 | Train Loss: 0.5954, Train Balanced Acc: 0.7374, Train Auc-ROC score: 0.8101 | Val Loss: 0.6148, Val Balanced Acc: 0.6985, Val Auc-ROC score: 0.7825 | 
2025-07-03 12:28:47,852 - utils.alice_utils - INFO - Fold 4, Epoch 10/10 | Train Loss: 0.5952, Train Balanced Acc: 0.7243, Train Auc-ROC score: 0.8079 | Val Loss: 0.6171, Val Balanced Acc: 0.7022, Val Auc-ROC score: 0.7807 | 
2025-07-03 12:28:47,853 - utils.alice_utils - INFO - Fold 4 - Best Validation Auc-Roc score : 0.7827
2025-07-03 12:28:47,853 - utils.alice_utils - INFO - Starting Fold 5
2025-07-03 12:28:52,056 - utils.alice_utils - INFO - Fold 5, Epoch 1/10 | Train Loss: 0.6762, Train Balanced Acc: 0.6328, Train Auc-ROC score: 0.6882 | Val Loss: 0.6575, Val Balanced Acc: 0.6705, Val Auc-ROC score: 0.7399 | 
2025-07-03 12:28:56,324 - utils.alice_utils - INFO - Fold 5, Epoch 2/10 | Train Loss: 0.6554, Train Balanced Acc: 0.6909, Train Auc-ROC score: 0.7618 | Val Loss: 0.6323, Val Balanced Acc: 0.6946, Val Auc-ROC score: 0.7779 | 
2025-07-03 12:29:00,491 - utils.alice_utils - INFO - Fold 5, Epoch 3/10 | Train Loss: 0.6372, Train Balanced Acc: 0.7154, Train Auc-ROC score: 0.7870 | Val Loss: 0.6257, Val Balanced Acc: 0.7138, Val Auc-ROC score: 0.7919 | 
2025-07-03 12:29:04,810 - utils.alice_utils - INFO - Fold 5, Epoch 4/10 | Train Loss: 0.6275, Train Balanced Acc: 0.7094, Train Auc-ROC score: 0.7815 | Val Loss: 0.6147, Val Balanced Acc: 0.7157, Val Auc-ROC score: 0.7953 | 
2025-07-03 12:29:09,053 - utils.alice_utils - INFO - Fold 5, Epoch 5/10 | Train Loss: 0.6121, Train Balanced Acc: 0.7288, Train Auc-ROC score: 0.8023 | Val Loss: 0.6044, Val Balanced Acc: 0.7190, Val Auc-ROC score: 0.7995 | 
2025-07-03 12:29:13,353 - utils.alice_utils - INFO - Fold 5, Epoch 6/10 | Train Loss: 0.6091, Train Balanced Acc: 0.7178, Train Auc-ROC score: 0.7938 | Val Loss: 0.5996, Val Balanced Acc: 0.7216, Val Auc-ROC score: 0.8025 | 
2025-07-03 12:29:17,623 - utils.alice_utils - INFO - Fold 5, Epoch 7/10 | Train Loss: 0.5997, Train Balanced Acc: 0.7231, Train Auc-ROC score: 0.8050 | Val Loss: 0.5976, Val Balanced Acc: 0.7233, Val Auc-ROC score: 0.8039 | 
2025-07-03 12:29:21,754 - utils.alice_utils - INFO - Fold 5, Epoch 8/10 | Train Loss: 0.6003, Train Balanced Acc: 0.7189, Train Auc-ROC score: 0.7996 | Val Loss: 0.5962, Val Balanced Acc: 0.7275, Val Auc-ROC score: 0.8055 | 
2025-07-03 12:29:26,013 - utils.alice_utils - INFO - Fold 5, Epoch 9/10 | Train Loss: 0.5979, Train Balanced Acc: 0.7247, Train Auc-ROC score: 0.8002 | Val Loss: 0.6008, Val Balanced Acc: 0.7288, Val Auc-ROC score: 0.8055 | 
2025-07-03 12:29:30,190 - utils.alice_utils - INFO - Fold 5, Epoch 10/10 | Train Loss: 0.5994, Train Balanced Acc: 0.7221, Train Auc-ROC score: 0.7983 | Val Loss: 0.5965, Val Balanced Acc: 0.7333, Val Auc-ROC score: 0.8063 | 
2025-07-03 12:29:30,192 - utils.alice_utils - INFO - Fold 5 - Best Validation Auc-Roc score : 0.8063
2025-07-03 12:29:30,193 - utils.alice_utils - INFO - Average Validation Auc-Roc score : 0.8039 ± 0.0122
2025-07-03 12:29:30,193 - utils.alice_utils - INFO - Evaluating on test set...
2025-07-03 12:29:31,763 - utils.alice_utils - INFO - Fold 1 - Test Balanced Accuracy: 0.7405 - Test AUC-ROC score: 0.8125
2025-07-03 12:29:33,289 - utils.alice_utils - INFO - Fold 2 - Test Balanced Accuracy: 0.7423 - Test AUC-ROC score: 0.8169
2025-07-03 12:29:34,823 - utils.alice_utils - INFO - Fold 3 - Test Balanced Accuracy: 0.7434 - Test AUC-ROC score: 0.8150
2025-07-03 12:29:36,331 - utils.alice_utils - INFO - Fold 4 - Test Balanced Accuracy: 0.7475 - Test AUC-ROC score: 0.8211
2025-07-03 12:29:37,828 - utils.alice_utils - INFO - Fold 5 - Test Balanced Accuracy: 0.7373 - Test AUC-ROC score: 0.8121
2025-07-03 12:29:37,828 - utils.alice_utils - INFO - Average Test Balanced Accuracy: 0.7422 ± 0.0034 | Average AUC-ROC score: 0.8155 ± 0.0033
