2025-07-03 12:26:01,489 - utils.alice_utils - INFO - Created experiment directoy: classif_alice_foun.
2025-07-03 12:26:01,490 - utils.alice_utils - INFO - Starting Fold 1
/cluster/CBIO/home/hfeki/miniconda3/envs/hfeki/lib/python3.10/site-packages/torch/utils/data/dataloader.py:624: UserWarning: This DataLoader will create 8 worker processes in total. Our suggested max number of worker in current system is 4, which is smaller than what this DataLoader is going to create. Please be aware that excessive worker creation might get DataLoader running slow or even freeze, lower the worker number to avoid potential slowness/freeze if necessary.
  warnings.warn(
Training:   0%|          | 0/60 [00:00<?, ?it/s]
/cluster/CBIO/home/hfeki/miniconda3/envs/hfeki/lib/python3.10/site-packages/torch/utils/data/dataloader.py:624: UserWarning: This DataLoader will create 8 worker processes in total. Our suggested max number of worker in current system is 4, which is smaller than what this DataLoader is going to create. Please be aware that excessive worker creation might get DataLoader running slow or even freeze, lower the worker number to avoid potential slowness/freeze if necessary.
  warnings.warn(
Validation:   0%|          | 0/15 [00:00<?, ?it/s]
2025-07-03 12:26:06,525 - utils.alice_utils - INFO - Fold 1, Epoch 1/10 | Train Loss: 0.6823, Train Balanced Acc: 0.5941, Train Auc-ROC score: 0.6361 | Val Loss: 0.6672, Val Balanced Acc: 0.6756, Val Auc-ROC score: 0.7373 | 
/cluster/CBIO/home/hfeki/miniconda3/envs/hfeki/lib/python3.10/site-packages/torch/utils/data/dataloader.py:624: UserWarning: This DataLoader will create 8 worker processes in total. Our suggested max number of worker in current system is 4, which is smaller than what this DataLoader is going to create. Please be aware that excessive worker creation might get DataLoader running slow or even freeze, lower the worker number to avoid potential slowness/freeze if necessary.
  warnings.warn(
Training:   0%|          | 0/60 [00:00<?, ?it/s]
/cluster/CBIO/home/hfeki/miniconda3/envs/hfeki/lib/python3.10/site-packages/torch/utils/data/dataloader.py:624: UserWarning: This DataLoader will create 8 worker processes in total. Our suggested max number of worker in current system is 4, which is smaller than what this DataLoader is going to create. Please be aware that excessive worker creation might get DataLoader running slow or even freeze, lower the worker number to avoid potential slowness/freeze if necessary.
  warnings.warn(
Validation:   0%|          | 0/15 [00:00<?, ?it/s]
2025-07-03 12:26:10,994 - utils.alice_utils - INFO - Fold 1, Epoch 2/10 | Train Loss: 0.6609, Train Balanced Acc: 0.6835, Train Auc-ROC score: 0.7524 | Val Loss: 0.6389, Val Balanced Acc: 0.7164, Val Auc-ROC score: 0.7745 | 
/cluster/CBIO/home/hfeki/miniconda3/envs/hfeki/lib/python3.10/site-packages/torch/utils/data/dataloader.py:624: UserWarning: This DataLoader will create 8 worker processes in total. Our suggested max number of worker in current system is 4, which is smaller than what this DataLoader is going to create. Please be aware that excessive worker creation might get DataLoader running slow or even freeze, lower the worker number to avoid potential slowness/freeze if necessary.
  warnings.warn(
Training:   0%|          | 0/60 [00:00<?, ?it/s]
/cluster/CBIO/home/hfeki/miniconda3/envs/hfeki/lib/python3.10/site-packages/torch/utils/data/dataloader.py:624: UserWarning: This DataLoader will create 8 worker processes in total. Our suggested max number of worker in current system is 4, which is smaller than what this DataLoader is going to create. Please be aware that excessive worker creation might get DataLoader running slow or even freeze, lower the worker number to avoid potential slowness/freeze if necessary.
  warnings.warn(
Validation:   0%|          | 0/15 [00:00<?, ?it/s]
2025-07-03 12:26:15,462 - utils.alice_utils - INFO - Fold 1, Epoch 3/10 | Train Loss: 0.6450, Train Balanced Acc: 0.7005, Train Auc-ROC score: 0.7749 | Val Loss: 0.6311, Val Balanced Acc: 0.7119, Val Auc-ROC score: 0.7865 | 
/cluster/CBIO/home/hfeki/miniconda3/envs/hfeki/lib/python3.10/site-packages/torch/utils/data/dataloader.py:624: UserWarning: This DataLoader will create 8 worker processes in total. Our suggested max number of worker in current system is 4, which is smaller than what this DataLoader is going to create. Please be aware that excessive worker creation might get DataLoader running slow or even freeze, lower the worker number to avoid potential slowness/freeze if necessary.
  warnings.warn(
Training:   0%|          | 0/60 [00:00<?, ?it/s]
/cluster/CBIO/home/hfeki/miniconda3/envs/hfeki/lib/python3.10/site-packages/torch/utils/data/dataloader.py:624: UserWarning: This DataLoader will create 8 worker processes in total. Our suggested max number of worker in current system is 4, which is smaller than what this DataLoader is going to create. Please be aware that excessive worker creation might get DataLoader running slow or even freeze, lower the worker number to avoid potential slowness/freeze if necessary.
  warnings.warn(
Validation:   0%|          | 0/15 [00:00<?, ?it/s]
2025-07-03 12:26:19,674 - utils.alice_utils - INFO - Fold 1, Epoch 4/10 | Train Loss: 0.6303, Train Balanced Acc: 0.7216, Train Auc-ROC score: 0.7887 | Val Loss: 0.6256, Val Balanced Acc: 0.7164, Val Auc-ROC score: 0.7948 | 
/cluster/CBIO/home/hfeki/miniconda3/envs/hfeki/lib/python3.10/site-packages/torch/utils/data/dataloader.py:624: UserWarning: This DataLoader will create 8 worker processes in total. Our suggested max number of worker in current system is 4, which is smaller than what this DataLoader is going to create. Please be aware that excessive worker creation might get DataLoader running slow or even freeze, lower the worker number to avoid potential slowness/freeze if necessary.
  warnings.warn(
Training:   0%|          | 0/60 [00:00<?, ?it/s]
/cluster/CBIO/home/hfeki/miniconda3/envs/hfeki/lib/python3.10/site-packages/torch/utils/data/dataloader.py:624: UserWarning: This DataLoader will create 8 worker processes in total. Our suggested max number of worker in current system is 4, which is smaller than what this DataLoader is going to create. Please be aware that excessive worker creation might get DataLoader running slow or even freeze, lower the worker number to avoid potential slowness/freeze if necessary.
  warnings.warn(
Validation:   0%|          | 0/15 [00:00<?, ?it/s]
2025-07-03 12:26:23,933 - utils.alice_utils - INFO - Fold 1, Epoch 5/10 | Train Loss: 0.6172, Train Balanced Acc: 0.7187, Train Auc-ROC score: 0.8021 | Val Loss: 0.6133, Val Balanced Acc: 0.7123, Val Auc-ROC score: 0.7970 | 
/cluster/CBIO/home/hfeki/miniconda3/envs/hfeki/lib/python3.10/site-packages/torch/utils/data/dataloader.py:624: UserWarning: This DataLoader will create 8 worker processes in total. Our suggested max number of worker in current system is 4, which is smaller than what this DataLoader is going to create. Please be aware that excessive worker creation might get DataLoader running slow or even freeze, lower the worker number to avoid potential slowness/freeze if necessary.
  warnings.warn(
Training:   0%|          | 0/60 [00:00<?, ?it/s]
/cluster/CBIO/home/hfeki/miniconda3/envs/hfeki/lib/python3.10/site-packages/torch/utils/data/dataloader.py:624: UserWarning: This DataLoader will create 8 worker processes in total. Our suggested max number of worker in current system is 4, which is smaller than what this DataLoader is going to create. Please be aware that excessive worker creation might get DataLoader running slow or even freeze, lower the worker number to avoid potential slowness/freeze if necessary.
  warnings.warn(
Validation:   0%|          | 0/15 [00:00<?, ?it/s]
2025-07-03 12:26:28,239 - utils.alice_utils - INFO - Fold 1, Epoch 6/10 | Train Loss: 0.6132, Train Balanced Acc: 0.7163, Train Auc-ROC score: 0.7950 | Val Loss: 0.6120, Val Balanced Acc: 0.7271, Val Auc-ROC score: 0.7990 | 
/cluster/CBIO/home/hfeki/miniconda3/envs/hfeki/lib/python3.10/site-packages/torch/utils/data/dataloader.py:624: UserWarning: This DataLoader will create 8 worker processes in total. Our suggested max number of worker in current system is 4, which is smaller than what this DataLoader is going to create. Please be aware that excessive worker creation might get DataLoader running slow or even freeze, lower the worker number to avoid potential slowness/freeze if necessary.
  warnings.warn(
Training:   0%|          | 0/60 [00:00<?, ?it/s]
/cluster/CBIO/home/hfeki/miniconda3/envs/hfeki/lib/python3.10/site-packages/torch/utils/data/dataloader.py:624: UserWarning: This DataLoader will create 8 worker processes in total. Our suggested max number of worker in current system is 4, which is smaller than what this DataLoader is going to create. Please be aware that excessive worker creation might get DataLoader running slow or even freeze, lower the worker number to avoid potential slowness/freeze if necessary.
  warnings.warn(
Validation:   0%|          | 0/15 [00:00<?, ?it/s]
2025-07-03 12:26:32,480 - utils.alice_utils - INFO - Fold 1, Epoch 7/10 | Train Loss: 0.6071, Train Balanced Acc: 0.7229, Train Auc-ROC score: 0.7971 | Val Loss: 0.6040, Val Balanced Acc: 0.7225, Val Auc-ROC score: 0.8014 | 
/cluster/CBIO/home/hfeki/miniconda3/envs/hfeki/lib/python3.10/site-packages/torch/utils/data/dataloader.py:624: UserWarning: This DataLoader will create 8 worker processes in total. Our suggested max number of worker in current system is 4, which is smaller than what this DataLoader is going to create. Please be aware that excessive worker creation might get DataLoader running slow or even freeze, lower the worker number to avoid potential slowness/freeze if necessary.
  warnings.warn(
Training:   0%|          | 0/60 [00:00<?, ?it/s]
/cluster/CBIO/home/hfeki/miniconda3/envs/hfeki/lib/python3.10/site-packages/torch/utils/data/dataloader.py:624: UserWarning: This DataLoader will create 8 worker processes in total. Our suggested max number of worker in current system is 4, which is smaller than what this DataLoader is going to create. Please be aware that excessive worker creation might get DataLoader running slow or even freeze, lower the worker number to avoid potential slowness/freeze if necessary.
  warnings.warn(
Validation:   0%|          | 0/15 [00:00<?, ?it/s]
2025-07-03 12:26:36,420 - utils.alice_utils - INFO - Fold 1, Epoch 8/10 | Train Loss: 0.6031, Train Balanced Acc: 0.7247, Train Auc-ROC score: 0.8017 | Val Loss: 0.6045, Val Balanced Acc: 0.7227, Val Auc-ROC score: 0.7999 | 
/cluster/CBIO/home/hfeki/miniconda3/envs/hfeki/lib/python3.10/site-packages/torch/utils/data/dataloader.py:624: UserWarning: This DataLoader will create 8 worker processes in total. Our suggested max number of worker in current system is 4, which is smaller than what this DataLoader is going to create. Please be aware that excessive worker creation might get DataLoader running slow or even freeze, lower the worker number to avoid potential slowness/freeze if necessary.
  warnings.warn(
Training:   0%|          | 0/60 [00:00<?, ?it/s]
/cluster/CBIO/home/hfeki/miniconda3/envs/hfeki/lib/python3.10/site-packages/torch/utils/data/dataloader.py:624: UserWarning: This DataLoader will create 8 worker processes in total. Our suggested max number of worker in current system is 4, which is smaller than what this DataLoader is going to create. Please be aware that excessive worker creation might get DataLoader running slow or even freeze, lower the worker number to avoid potential slowness/freeze if necessary.
  warnings.warn(
Validation:   0%|          | 0/15 [00:00<?, ?it/s]
2025-07-03 12:26:40,297 - utils.alice_utils - INFO - Fold 1, Epoch 9/10 | Train Loss: 0.6002, Train Balanced Acc: 0.7245, Train Auc-ROC score: 0.8056 | Val Loss: 0.6044, Val Balanced Acc: 0.7233, Val Auc-ROC score: 0.8011 | 
/cluster/CBIO/home/hfeki/miniconda3/envs/hfeki/lib/python3.10/site-packages/torch/utils/data/dataloader.py:624: UserWarning: This DataLoader will create 8 worker processes in total. Our suggested max number of worker in current system is 4, which is smaller than what this DataLoader is going to create. Please be aware that excessive worker creation might get DataLoader running slow or even freeze, lower the worker number to avoid potential slowness/freeze if necessary.
  warnings.warn(
Training:   0%|          | 0/60 [00:00<?, ?it/s]
/cluster/CBIO/home/hfeki/miniconda3/envs/hfeki/lib/python3.10/site-packages/torch/utils/data/dataloader.py:624: UserWarning: This DataLoader will create 8 worker processes in total. Our suggested max number of worker in current system is 4, which is smaller than what this DataLoader is going to create. Please be aware that excessive worker creation might get DataLoader running slow or even freeze, lower the worker number to avoid potential slowness/freeze if necessary.
  warnings.warn(
Validation:   0%|          | 0/15 [00:00<?, ?it/s]
2025-07-03 12:26:44,476 - utils.alice_utils - INFO - Fold 1, Epoch 10/10 | Train Loss: 0.6021, Train Balanced Acc: 0.7186, Train Auc-ROC score: 0.7981 | Val Loss: 0.5980, Val Balanced Acc: 0.7274, Val Auc-ROC score: 0.8021 | 
2025-07-03 12:26:44,478 - utils.alice_utils - INFO - Fold 1 - Best Validation Auc-Roc score : 0.8021
2025-07-03 12:26:44,479 - utils.alice_utils - INFO - Starting Fold 2
/cluster/CBIO/home/hfeki/miniconda3/envs/hfeki/lib/python3.10/site-packages/torch/utils/data/dataloader.py:624: UserWarning: This DataLoader will create 8 worker processes in total. Our suggested max number of worker in current system is 4, which is smaller than what this DataLoader is going to create. Please be aware that excessive worker creation might get DataLoader running slow or even freeze, lower the worker number to avoid potential slowness/freeze if necessary.
  warnings.warn(
Training:   0%|          | 0/60 [00:00<?, ?it/s]
/cluster/CBIO/home/hfeki/miniconda3/envs/hfeki/lib/python3.10/site-packages/torch/utils/data/dataloader.py:624: UserWarning: This DataLoader will create 8 worker processes in total. Our suggested max number of worker in current system is 4, which is smaller than what this DataLoader is going to create. Please be aware that excessive worker creation might get DataLoader running slow or even freeze, lower the worker number to avoid potential slowness/freeze if necessary.
  warnings.warn(
Validation:   0%|          | 0/15 [00:00<?, ?it/s]
2025-07-03 12:26:48,673 - utils.alice_utils - INFO - Fold 2, Epoch 1/10 | Train Loss: 0.6790, Train Balanced Acc: 0.6086, Train Auc-ROC score: 0.6634 | Val Loss: 0.6627, Val Balanced Acc: 0.6873, Val Auc-ROC score: 0.7447 | 
/cluster/CBIO/home/hfeki/miniconda3/envs/hfeki/lib/python3.10/site-packages/torch/utils/data/dataloader.py:624: UserWarning: This DataLoader will create 8 worker processes in total. Our suggested max number of worker in current system is 4, which is smaller than what this DataLoader is going to create. Please be aware that excessive worker creation might get DataLoader running slow or even freeze, lower the worker number to avoid potential slowness/freeze if necessary.
  warnings.warn(
Training:   0%|          | 0/60 [00:00<?, ?it/s]
/cluster/CBIO/home/hfeki/miniconda3/envs/hfeki/lib/python3.10/site-packages/torch/utils/data/dataloader.py:624: UserWarning: This DataLoader will create 8 worker processes in total. Our suggested max number of worker in current system is 4, which is smaller than what this DataLoader is going to create. Please be aware that excessive worker creation might get DataLoader running slow or even freeze, lower the worker number to avoid potential slowness/freeze if necessary.
  warnings.warn(
Validation:   0%|          | 0/15 [00:00<?, ?it/s]
2025-07-03 12:26:52,786 - utils.alice_utils - INFO - Fold 2, Epoch 2/10 | Train Loss: 0.6584, Train Balanced Acc: 0.6874, Train Auc-ROC score: 0.7543 | Val Loss: 0.6383, Val Balanced Acc: 0.7076, Val Auc-ROC score: 0.7775 | 
/cluster/CBIO/home/hfeki/miniconda3/envs/hfeki/lib/python3.10/site-packages/torch/utils/data/dataloader.py:624: UserWarning: This DataLoader will create 8 worker processes in total. Our suggested max number of worker in current system is 4, which is smaller than what this DataLoader is going to create. Please be aware that excessive worker creation might get DataLoader running slow or even freeze, lower the worker number to avoid potential slowness/freeze if necessary.
  warnings.warn(
Training:   0%|          | 0/60 [00:00<?, ?it/s]
/cluster/CBIO/home/hfeki/miniconda3/envs/hfeki/lib/python3.10/site-packages/torch/utils/data/dataloader.py:624: UserWarning: This DataLoader will create 8 worker processes in total. Our suggested max number of worker in current system is 4, which is smaller than what this DataLoader is going to create. Please be aware that excessive worker creation might get DataLoader running slow or even freeze, lower the worker number to avoid potential slowness/freeze if necessary.
  warnings.warn(
Validation:   0%|          | 0/15 [00:00<?, ?it/s]
2025-07-03 12:26:56,910 - utils.alice_utils - INFO - Fold 2, Epoch 3/10 | Train Loss: 0.6422, Train Balanced Acc: 0.7080, Train Auc-ROC score: 0.7755 | Val Loss: 0.6302, Val Balanced Acc: 0.7183, Val Auc-ROC score: 0.7929 | 
/cluster/CBIO/home/hfeki/miniconda3/envs/hfeki/lib/python3.10/site-packages/torch/utils/data/dataloader.py:624: UserWarning: This DataLoader will create 8 worker processes in total. Our suggested max number of worker in current system is 4, which is smaller than what this DataLoader is going to create. Please be aware that excessive worker creation might get DataLoader running slow or even freeze, lower the worker number to avoid potential slowness/freeze if necessary.
  warnings.warn(
Training:   0%|          | 0/60 [00:00<?, ?it/s]
/cluster/CBIO/home/hfeki/miniconda3/envs/hfeki/lib/python3.10/site-packages/torch/utils/data/dataloader.py:624: UserWarning: This DataLoader will create 8 worker processes in total. Our suggested max number of worker in current system is 4, which is smaller than what this DataLoader is going to create. Please be aware that excessive worker creation might get DataLoader running slow or even freeze, lower the worker number to avoid potential slowness/freeze if necessary.
  warnings.warn(
Validation:   0%|          | 0/15 [00:00<?, ?it/s]
2025-07-03 12:27:00,999 - utils.alice_utils - INFO - Fold 2, Epoch 4/10 | Train Loss: 0.6292, Train Balanced Acc: 0.7114, Train Auc-ROC score: 0.7834 | Val Loss: 0.6133, Val Balanced Acc: 0.7210, Val Auc-ROC score: 0.7999 | 
/cluster/CBIO/home/hfeki/miniconda3/envs/hfeki/lib/python3.10/site-packages/torch/utils/data/dataloader.py:624: UserWarning: This DataLoader will create 8 worker processes in total. Our suggested max number of worker in current system is 4, which is smaller than what this DataLoader is going to create. Please be aware that excessive worker creation might get DataLoader running slow or even freeze, lower the worker number to avoid potential slowness/freeze if necessary.
  warnings.warn(
Training:   0%|          | 0/60 [00:00<?, ?it/s]
/cluster/CBIO/home/hfeki/miniconda3/envs/hfeki/lib/python3.10/site-packages/torch/utils/data/dataloader.py:624: UserWarning: This DataLoader will create 8 worker processes in total. Our suggested max number of worker in current system is 4, which is smaller than what this DataLoader is going to create. Please be aware that excessive worker creation might get DataLoader running slow or even freeze, lower the worker number to avoid potential slowness/freeze if necessary.
  warnings.warn(
Validation:   0%|          | 0/15 [00:00<?, ?it/s]
2025-07-03 12:27:05,097 - utils.alice_utils - INFO - Fold 2, Epoch 5/10 | Train Loss: 0.6190, Train Balanced Acc: 0.7132, Train Auc-ROC score: 0.7916 | Val Loss: 0.6095, Val Balanced Acc: 0.7235, Val Auc-ROC score: 0.8028 | 
/cluster/CBIO/home/hfeki/miniconda3/envs/hfeki/lib/python3.10/site-packages/torch/utils/data/dataloader.py:624: UserWarning: This DataLoader will create 8 worker processes in total. Our suggested max number of worker in current system is 4, which is smaller than what this DataLoader is going to create. Please be aware that excessive worker creation might get DataLoader running slow or even freeze, lower the worker number to avoid potential slowness/freeze if necessary.
  warnings.warn(
Training:   0%|          | 0/60 [00:00<?, ?it/s]
/cluster/CBIO/home/hfeki/miniconda3/envs/hfeki/lib/python3.10/site-packages/torch/utils/data/dataloader.py:624: UserWarning: This DataLoader will create 8 worker processes in total. Our suggested max number of worker in current system is 4, which is smaller than what this DataLoader is going to create. Please be aware that excessive worker creation might get DataLoader running slow or even freeze, lower the worker number to avoid potential slowness/freeze if necessary.
  warnings.warn(
Validation:   0%|          | 0/15 [00:00<?, ?it/s]
2025-07-03 12:27:09,316 - utils.alice_utils - INFO - Fold 2, Epoch 6/10 | Train Loss: 0.6101, Train Balanced Acc: 0.7205, Train Auc-ROC score: 0.7971 | Val Loss: 0.6081, Val Balanced Acc: 0.7318, Val Auc-ROC score: 0.8062 | 
/cluster/CBIO/home/hfeki/miniconda3/envs/hfeki/lib/python3.10/site-packages/torch/utils/data/dataloader.py:624: UserWarning: This DataLoader will create 8 worker processes in total. Our suggested max number of worker in current system is 4, which is smaller than what this DataLoader is going to create. Please be aware that excessive worker creation might get DataLoader running slow or even freeze, lower the worker number to avoid potential slowness/freeze if necessary.
  warnings.warn(
Training:   0%|          | 0/60 [00:00<?, ?it/s]
/cluster/CBIO/home/hfeki/miniconda3/envs/hfeki/lib/python3.10/site-packages/torch/utils/data/dataloader.py:624: UserWarning: This DataLoader will create 8 worker processes in total. Our suggested max number of worker in current system is 4, which is smaller than what this DataLoader is going to create. Please be aware that excessive worker creation might get DataLoader running slow or even freeze, lower the worker number to avoid potential slowness/freeze if necessary.
  warnings.warn(
Validation:   0%|          | 0/15 [00:00<?, ?it/s]
2025-07-03 12:27:13,479 - utils.alice_utils - INFO - Fold 2, Epoch 7/10 | Train Loss: 0.6076, Train Balanced Acc: 0.7178, Train Auc-ROC score: 0.7926 | Val Loss: 0.5993, Val Balanced Acc: 0.7363, Val Auc-ROC score: 0.8070 | 
/cluster/CBIO/home/hfeki/miniconda3/envs/hfeki/lib/python3.10/site-packages/torch/utils/data/dataloader.py:624: UserWarning: This DataLoader will create 8 worker processes in total. Our suggested max number of worker in current system is 4, which is smaller than what this DataLoader is going to create. Please be aware that excessive worker creation might get DataLoader running slow or even freeze, lower the worker number to avoid potential slowness/freeze if necessary.
  warnings.warn(
Training:   0%|          | 0/60 [00:00<?, ?it/s]
/cluster/CBIO/home/hfeki/miniconda3/envs/hfeki/lib/python3.10/site-packages/torch/utils/data/dataloader.py:624: UserWarning: This DataLoader will create 8 worker processes in total. Our suggested max number of worker in current system is 4, which is smaller than what this DataLoader is going to create. Please be aware that excessive worker creation might get DataLoader running slow or even freeze, lower the worker number to avoid potential slowness/freeze if necessary.
  warnings.warn(
Validation:   0%|          | 0/15 [00:00<?, ?it/s]
2025-07-03 12:27:17,625 - utils.alice_utils - INFO - Fold 2, Epoch 8/10 | Train Loss: 0.6051, Train Balanced Acc: 0.7174, Train Auc-ROC score: 0.7937 | Val Loss: 0.5990, Val Balanced Acc: 0.7324, Val Auc-ROC score: 0.8082 | 
/cluster/CBIO/home/hfeki/miniconda3/envs/hfeki/lib/python3.10/site-packages/torch/utils/data/dataloader.py:624: UserWarning: This DataLoader will create 8 worker processes in total. Our suggested max number of worker in current system is 4, which is smaller than what this DataLoader is going to create. Please be aware that excessive worker creation might get DataLoader running slow or even freeze, lower the worker number to avoid potential slowness/freeze if necessary.
  warnings.warn(
Training:   0%|          | 0/60 [00:00<?, ?it/s]
/cluster/CBIO/home/hfeki/miniconda3/envs/hfeki/lib/python3.10/site-packages/torch/utils/data/dataloader.py:624: UserWarning: This DataLoader will create 8 worker processes in total. Our suggested max number of worker in current system is 4, which is smaller than what this DataLoader is going to create. Please be aware that excessive worker creation might get DataLoader running slow or even freeze, lower the worker number to avoid potential slowness/freeze if necessary.
  warnings.warn(
Validation:   0%|          | 0/15 [00:00<?, ?it/s]
2025-07-03 12:27:21,470 - utils.alice_utils - INFO - Fold 2, Epoch 9/10 | Train Loss: 0.6028, Train Balanced Acc: 0.7191, Train Auc-ROC score: 0.7970 | Val Loss: 0.6036, Val Balanced Acc: 0.7339, Val Auc-ROC score: 0.8082 | 
/cluster/CBIO/home/hfeki/miniconda3/envs/hfeki/lib/python3.10/site-packages/torch/utils/data/dataloader.py:624: UserWarning: This DataLoader will create 8 worker processes in total. Our suggested max number of worker in current system is 4, which is smaller than what this DataLoader is going to create. Please be aware that excessive worker creation might get DataLoader running slow or even freeze, lower the worker number to avoid potential slowness/freeze if necessary.
  warnings.warn(
Training:   0%|          | 0/60 [00:00<?, ?it/s]
/cluster/CBIO/home/hfeki/miniconda3/envs/hfeki/lib/python3.10/site-packages/torch/utils/data/dataloader.py:624: UserWarning: This DataLoader will create 8 worker processes in total. Our suggested max number of worker in current system is 4, which is smaller than what this DataLoader is going to create. Please be aware that excessive worker creation might get DataLoader running slow or even freeze, lower the worker number to avoid potential slowness/freeze if necessary.
  warnings.warn(
Validation:   0%|          | 0/15 [00:00<?, ?it/s]
2025-07-03 12:27:25,258 - utils.alice_utils - INFO - Fold 2, Epoch 10/10 | Train Loss: 0.5997, Train Balanced Acc: 0.7231, Train Auc-ROC score: 0.8023 | Val Loss: 0.6008, Val Balanced Acc: 0.7353, Val Auc-ROC score: 0.8080 | 
2025-07-03 12:27:25,259 - utils.alice_utils - INFO - Fold 2 - Best Validation Auc-Roc score : 0.8082
2025-07-03 12:27:25,259 - utils.alice_utils - INFO - Starting Fold 3
/cluster/CBIO/home/hfeki/miniconda3/envs/hfeki/lib/python3.10/site-packages/torch/utils/data/dataloader.py:624: UserWarning: This DataLoader will create 8 worker processes in total. Our suggested max number of worker in current system is 4, which is smaller than what this DataLoader is going to create. Please be aware that excessive worker creation might get DataLoader running slow or even freeze, lower the worker number to avoid potential slowness/freeze if necessary.
  warnings.warn(
Training:   0%|          | 0/60 [00:00<?, ?it/s]
/cluster/CBIO/home/hfeki/miniconda3/envs/hfeki/lib/python3.10/site-packages/torch/utils/data/dataloader.py:624: UserWarning: This DataLoader will create 8 worker processes in total. Our suggested max number of worker in current system is 4, which is smaller than what this DataLoader is going to create. Please be aware that excessive worker creation might get DataLoader running slow or even freeze, lower the worker number to avoid potential slowness/freeze if necessary.
  warnings.warn(
Validation:   0%|          | 0/15 [00:00<?, ?it/s]
2025-07-03 12:27:29,359 - utils.alice_utils - INFO - Fold 3, Epoch 1/10 | Train Loss: 0.6816, Train Balanced Acc: 0.6028, Train Auc-ROC score: 0.6437 | Val Loss: 0.6603, Val Balanced Acc: 0.7071, Val Auc-ROC score: 0.7598 | 
/cluster/CBIO/home/hfeki/miniconda3/envs/hfeki/lib/python3.10/site-packages/torch/utils/data/dataloader.py:624: UserWarning: This DataLoader will create 8 worker processes in total. Our suggested max number of worker in current system is 4, which is smaller than what this DataLoader is going to create. Please be aware that excessive worker creation might get DataLoader running slow or even freeze, lower the worker number to avoid potential slowness/freeze if necessary.
  warnings.warn(
Training:   0%|          | 0/60 [00:00<?, ?it/s]
/cluster/CBIO/home/hfeki/miniconda3/envs/hfeki/lib/python3.10/site-packages/torch/utils/data/dataloader.py:624: UserWarning: This DataLoader will create 8 worker processes in total. Our suggested max number of worker in current system is 4, which is smaller than what this DataLoader is going to create. Please be aware that excessive worker creation might get DataLoader running slow or even freeze, lower the worker number to avoid potential slowness/freeze if necessary.
  warnings.warn(
Validation:   0%|          | 0/15 [00:00<?, ?it/s]
2025-07-03 12:27:33,442 - utils.alice_utils - INFO - Fold 3, Epoch 2/10 | Train Loss: 0.6580, Train Balanced Acc: 0.6962, Train Auc-ROC score: 0.7696 | Val Loss: 0.6396, Val Balanced Acc: 0.7255, Val Auc-ROC score: 0.7916 | 
/cluster/CBIO/home/hfeki/miniconda3/envs/hfeki/lib/python3.10/site-packages/torch/utils/data/dataloader.py:624: UserWarning: This DataLoader will create 8 worker processes in total. Our suggested max number of worker in current system is 4, which is smaller than what this DataLoader is going to create. Please be aware that excessive worker creation might get DataLoader running slow or even freeze, lower the worker number to avoid potential slowness/freeze if necessary.
  warnings.warn(
Training:   0%|          | 0/60 [00:00<?, ?it/s]
/cluster/CBIO/home/hfeki/miniconda3/envs/hfeki/lib/python3.10/site-packages/torch/utils/data/dataloader.py:624: UserWarning: This DataLoader will create 8 worker processes in total. Our suggested max number of worker in current system is 4, which is smaller than what this DataLoader is going to create. Please be aware that excessive worker creation might get DataLoader running slow or even freeze, lower the worker number to avoid potential slowness/freeze if necessary.
  warnings.warn(
Validation:   0%|          | 0/15 [00:00<?, ?it/s]
2025-07-03 12:27:37,545 - utils.alice_utils - INFO - Fold 3, Epoch 3/10 | Train Loss: 0.6408, Train Balanced Acc: 0.7150, Train Auc-ROC score: 0.7827 | Val Loss: 0.6465, Val Balanced Acc: 0.7222, Val Auc-ROC score: 0.8030 | 
/cluster/CBIO/home/hfeki/miniconda3/envs/hfeki/lib/python3.10/site-packages/torch/utils/data/dataloader.py:624: UserWarning: This DataLoader will create 8 worker processes in total. Our suggested max number of worker in current system is 4, which is smaller than what this DataLoader is going to create. Please be aware that excessive worker creation might get DataLoader running slow or even freeze, lower the worker number to avoid potential slowness/freeze if necessary.
  warnings.warn(
Training:   0%|          | 0/60 [00:00<?, ?it/s]
/cluster/CBIO/home/hfeki/miniconda3/envs/hfeki/lib/python3.10/site-packages/torch/utils/data/dataloader.py:624: UserWarning: This DataLoader will create 8 worker processes in total. Our suggested max number of worker in current system is 4, which is smaller than what this DataLoader is going to create. Please be aware that excessive worker creation might get DataLoader running slow or even freeze, lower the worker number to avoid potential slowness/freeze if necessary.
  warnings.warn(
Validation:   0%|          | 0/15 [00:00<?, ?it/s]
2025-07-03 12:27:41,658 - utils.alice_utils - INFO - Fold 3, Epoch 4/10 | Train Loss: 0.6290, Train Balanced Acc: 0.7114, Train Auc-ROC score: 0.7840 | Val Loss: 0.6291, Val Balanced Acc: 0.7290, Val Auc-ROC score: 0.8086 | 
/cluster/CBIO/home/hfeki/miniconda3/envs/hfeki/lib/python3.10/site-packages/torch/utils/data/dataloader.py:624: UserWarning: This DataLoader will create 8 worker processes in total. Our suggested max number of worker in current system is 4, which is smaller than what this DataLoader is going to create. Please be aware that excessive worker creation might get DataLoader running slow or even freeze, lower the worker number to avoid potential slowness/freeze if necessary.
  warnings.warn(
Training:   0%|          | 0/60 [00:00<?, ?it/s]
/cluster/CBIO/home/hfeki/miniconda3/envs/hfeki/lib/python3.10/site-packages/torch/utils/data/dataloader.py:624: UserWarning: This DataLoader will create 8 worker processes in total. Our suggested max number of worker in current system is 4, which is smaller than what this DataLoader is going to create. Please be aware that excessive worker creation might get DataLoader running slow or even freeze, lower the worker number to avoid potential slowness/freeze if necessary.
  warnings.warn(
Validation:   0%|          | 0/15 [00:00<?, ?it/s]
2025-07-03 12:27:45,853 - utils.alice_utils - INFO - Fold 3, Epoch 5/10 | Train Loss: 0.6196, Train Balanced Acc: 0.7150, Train Auc-ROC score: 0.7891 | Val Loss: 0.6149, Val Balanced Acc: 0.7348, Val Auc-ROC score: 0.8140 | 
/cluster/CBIO/home/hfeki/miniconda3/envs/hfeki/lib/python3.10/site-packages/torch/utils/data/dataloader.py:624: UserWarning: This DataLoader will create 8 worker processes in total. Our suggested max number of worker in current system is 4, which is smaller than what this DataLoader is going to create. Please be aware that excessive worker creation might get DataLoader running slow or even freeze, lower the worker number to avoid potential slowness/freeze if necessary.
  warnings.warn(
Training:   0%|          | 0/60 [00:00<?, ?it/s]
/cluster/CBIO/home/hfeki/miniconda3/envs/hfeki/lib/python3.10/site-packages/torch/utils/data/dataloader.py:624: UserWarning: This DataLoader will create 8 worker processes in total. Our suggested max number of worker in current system is 4, which is smaller than what this DataLoader is going to create. Please be aware that excessive worker creation might get DataLoader running slow or even freeze, lower the worker number to avoid potential slowness/freeze if necessary.
  warnings.warn(
Validation:   0%|          | 0/15 [00:00<?, ?it/s]
2025-07-03 12:27:49,945 - utils.alice_utils - INFO - Fold 3, Epoch 6/10 | Train Loss: 0.6093, Train Balanced Acc: 0.7268, Train Auc-ROC score: 0.8002 | Val Loss: 0.6188, Val Balanced Acc: 0.7406, Val Auc-ROC score: 0.8143 | 
/cluster/CBIO/home/hfeki/miniconda3/envs/hfeki/lib/python3.10/site-packages/torch/utils/data/dataloader.py:624: UserWarning: This DataLoader will create 8 worker processes in total. Our suggested max number of worker in current system is 4, which is smaller than what this DataLoader is going to create. Please be aware that excessive worker creation might get DataLoader running slow or even freeze, lower the worker number to avoid potential slowness/freeze if necessary.
  warnings.warn(
Training:   0%|          | 0/60 [00:00<?, ?it/s]
/cluster/CBIO/home/hfeki/miniconda3/envs/hfeki/lib/python3.10/site-packages/torch/utils/data/dataloader.py:624: UserWarning: This DataLoader will create 8 worker processes in total. Our suggested max number of worker in current system is 4, which is smaller than what this DataLoader is going to create. Please be aware that excessive worker creation might get DataLoader running slow or even freeze, lower the worker number to avoid potential slowness/freeze if necessary.
  warnings.warn(
Validation:   0%|          | 0/15 [00:00<?, ?it/s]
2025-07-03 12:27:54,105 - utils.alice_utils - INFO - Fold 3, Epoch 7/10 | Train Loss: 0.6083, Train Balanced Acc: 0.7184, Train Auc-ROC score: 0.7918 | Val Loss: 0.6090, Val Balanced Acc: 0.7403, Val Auc-ROC score: 0.8167 | 
/cluster/CBIO/home/hfeki/miniconda3/envs/hfeki/lib/python3.10/site-packages/torch/utils/data/dataloader.py:624: UserWarning: This DataLoader will create 8 worker processes in total. Our suggested max number of worker in current system is 4, which is smaller than what this DataLoader is going to create. Please be aware that excessive worker creation might get DataLoader running slow or even freeze, lower the worker number to avoid potential slowness/freeze if necessary.
  warnings.warn(
Training:   0%|          | 0/60 [00:00<?, ?it/s]
/cluster/CBIO/home/hfeki/miniconda3/envs/hfeki/lib/python3.10/site-packages/torch/utils/data/dataloader.py:624: UserWarning: This DataLoader will create 8 worker processes in total. Our suggested max number of worker in current system is 4, which is smaller than what this DataLoader is going to create. Please be aware that excessive worker creation might get DataLoader running slow or even freeze, lower the worker number to avoid potential slowness/freeze if necessary.
  warnings.warn(
Validation:   0%|          | 0/15 [00:00<?, ?it/s]
2025-07-03 12:27:58,411 - utils.alice_utils - INFO - Fold 3, Epoch 8/10 | Train Loss: 0.6077, Train Balanced Acc: 0.7126, Train Auc-ROC score: 0.7877 | Val Loss: 0.6126, Val Balanced Acc: 0.7435, Val Auc-ROC score: 0.8183 | 
/cluster/CBIO/home/hfeki/miniconda3/envs/hfeki/lib/python3.10/site-packages/torch/utils/data/dataloader.py:624: UserWarning: This DataLoader will create 8 worker processes in total. Our suggested max number of worker in current system is 4, which is smaller than what this DataLoader is going to create. Please be aware that excessive worker creation might get DataLoader running slow or even freeze, lower the worker number to avoid potential slowness/freeze if necessary.
  warnings.warn(
Training:   0%|          | 0/60 [00:00<?, ?it/s]
/cluster/CBIO/home/hfeki/miniconda3/envs/hfeki/lib/python3.10/site-packages/torch/utils/data/dataloader.py:624: UserWarning: This DataLoader will create 8 worker processes in total. Our suggested max number of worker in current system is 4, which is smaller than what this DataLoader is going to create. Please be aware that excessive worker creation might get DataLoader running slow or even freeze, lower the worker number to avoid potential slowness/freeze if necessary.
  warnings.warn(
Validation:   0%|          | 0/15 [00:00<?, ?it/s]
2025-07-03 12:28:02,285 - utils.alice_utils - INFO - Fold 3, Epoch 9/10 | Train Loss: 0.6011, Train Balanced Acc: 0.7270, Train Auc-ROC score: 0.8031 | Val Loss: 0.6006, Val Balanced Acc: 0.7427, Val Auc-ROC score: 0.8181 | 
/cluster/CBIO/home/hfeki/miniconda3/envs/hfeki/lib/python3.10/site-packages/torch/utils/data/dataloader.py:624: UserWarning: This DataLoader will create 8 worker processes in total. Our suggested max number of worker in current system is 4, which is smaller than what this DataLoader is going to create. Please be aware that excessive worker creation might get DataLoader running slow or even freeze, lower the worker number to avoid potential slowness/freeze if necessary.
  warnings.warn(
Training:   0%|          | 0/60 [00:00<?, ?it/s]
/cluster/CBIO/home/hfeki/miniconda3/envs/hfeki/lib/python3.10/site-packages/torch/utils/data/dataloader.py:624: UserWarning: This DataLoader will create 8 worker processes in total. Our suggested max number of worker in current system is 4, which is smaller than what this DataLoader is going to create. Please be aware that excessive worker creation might get DataLoader running slow or even freeze, lower the worker number to avoid potential slowness/freeze if necessary.
  warnings.warn(
Validation:   0%|          | 0/15 [00:00<?, ?it/s]
2025-07-03 12:28:06,562 - utils.alice_utils - INFO - Fold 3, Epoch 10/10 | Train Loss: 0.6026, Train Balanced Acc: 0.7144, Train Auc-ROC score: 0.7947 | Val Loss: 0.6046, Val Balanced Acc: 0.7470, Val Auc-ROC score: 0.8204 | 
2025-07-03 12:28:06,564 - utils.alice_utils - INFO - Fold 3 - Best Validation Auc-Roc score : 0.8204
2025-07-03 12:28:06,564 - utils.alice_utils - INFO - Starting Fold 4
/cluster/CBIO/home/hfeki/miniconda3/envs/hfeki/lib/python3.10/site-packages/torch/utils/data/dataloader.py:624: UserWarning: This DataLoader will create 8 worker processes in total. Our suggested max number of worker in current system is 4, which is smaller than what this DataLoader is going to create. Please be aware that excessive worker creation might get DataLoader running slow or even freeze, lower the worker number to avoid potential slowness/freeze if necessary.
  warnings.warn(
Training:   0%|          | 0/60 [00:00<?, ?it/s]
/cluster/CBIO/home/hfeki/miniconda3/envs/hfeki/lib/python3.10/site-packages/torch/utils/data/dataloader.py:624: UserWarning: This DataLoader will create 8 worker processes in total. Our suggested max number of worker in current system is 4, which is smaller than what this DataLoader is going to create. Please be aware that excessive worker creation might get DataLoader running slow or even freeze, lower the worker number to avoid potential slowness/freeze if necessary.
  warnings.warn(
Validation:   0%|          | 0/15 [00:00<?, ?it/s]
2025-07-03 12:28:10,776 - utils.alice_utils - INFO - Fold 4, Epoch 1/10 | Train Loss: 0.6782, Train Balanced Acc: 0.6174, Train Auc-ROC score: 0.6696 | Val Loss: 0.6616, Val Balanced Acc: 0.6645, Val Auc-ROC score: 0.7404 | 
/cluster/CBIO/home/hfeki/miniconda3/envs/hfeki/lib/python3.10/site-packages/torch/utils/data/dataloader.py:624: UserWarning: This DataLoader will create 8 worker processes in total. Our suggested max number of worker in current system is 4, which is smaller than what this DataLoader is going to create. Please be aware that excessive worker creation might get DataLoader running slow or even freeze, lower the worker number to avoid potential slowness/freeze if necessary.
  warnings.warn(
Training:   0%|          | 0/60 [00:00<?, ?it/s]
/cluster/CBIO/home/hfeki/miniconda3/envs/hfeki/lib/python3.10/site-packages/torch/utils/data/dataloader.py:624: UserWarning: This DataLoader will create 8 worker processes in total. Our suggested max number of worker in current system is 4, which is smaller than what this DataLoader is going to create. Please be aware that excessive worker creation might get DataLoader running slow or even freeze, lower the worker number to avoid potential slowness/freeze if necessary.
  warnings.warn(
Validation:   0%|          | 0/15 [00:00<?, ?it/s]
2025-07-03 12:28:15,085 - utils.alice_utils - INFO - Fold 4, Epoch 2/10 | Train Loss: 0.6548, Train Balanced Acc: 0.7029, Train Auc-ROC score: 0.7743 | Val Loss: 0.6526, Val Balanced Acc: 0.6925, Val Auc-ROC score: 0.7653 | 
/cluster/CBIO/home/hfeki/miniconda3/envs/hfeki/lib/python3.10/site-packages/torch/utils/data/dataloader.py:624: UserWarning: This DataLoader will create 8 worker processes in total. Our suggested max number of worker in current system is 4, which is smaller than what this DataLoader is going to create. Please be aware that excessive worker creation might get DataLoader running slow or even freeze, lower the worker number to avoid potential slowness/freeze if necessary.
  warnings.warn(
Training:   0%|          | 0/60 [00:00<?, ?it/s]
/cluster/CBIO/home/hfeki/miniconda3/envs/hfeki/lib/python3.10/site-packages/torch/utils/data/dataloader.py:624: UserWarning: This DataLoader will create 8 worker processes in total. Our suggested max number of worker in current system is 4, which is smaller than what this DataLoader is going to create. Please be aware that excessive worker creation might get DataLoader running slow or even freeze, lower the worker number to avoid potential slowness/freeze if necessary.
  warnings.warn(
Validation:   0%|          | 0/15 [00:00<?, ?it/s]
2025-07-03 12:28:19,251 - utils.alice_utils - INFO - Fold 4, Epoch 3/10 | Train Loss: 0.6381, Train Balanced Acc: 0.7094, Train Auc-ROC score: 0.7840 | Val Loss: 0.6206, Val Balanced Acc: 0.6820, Val Auc-ROC score: 0.7742 | 
/cluster/CBIO/home/hfeki/miniconda3/envs/hfeki/lib/python3.10/site-packages/torch/utils/data/dataloader.py:624: UserWarning: This DataLoader will create 8 worker processes in total. Our suggested max number of worker in current system is 4, which is smaller than what this DataLoader is going to create. Please be aware that excessive worker creation might get DataLoader running slow or even freeze, lower the worker number to avoid potential slowness/freeze if necessary.
  warnings.warn(
Training:   0%|          | 0/60 [00:00<?, ?it/s]
/cluster/CBIO/home/hfeki/miniconda3/envs/hfeki/lib/python3.10/site-packages/torch/utils/data/dataloader.py:624: UserWarning: This DataLoader will create 8 worker processes in total. Our suggested max number of worker in current system is 4, which is smaller than what this DataLoader is going to create. Please be aware that excessive worker creation might get DataLoader running slow or even freeze, lower the worker number to avoid potential slowness/freeze if necessary.
  warnings.warn(
Validation:   0%|          | 0/15 [00:00<?, ?it/s]
2025-07-03 12:28:23,409 - utils.alice_utils - INFO - Fold 4, Epoch 4/10 | Train Loss: 0.6238, Train Balanced Acc: 0.7208, Train Auc-ROC score: 0.7961 | Val Loss: 0.6234, Val Balanced Acc: 0.6916, Val Auc-ROC score: 0.7755 | 
/cluster/CBIO/home/hfeki/miniconda3/envs/hfeki/lib/python3.10/site-packages/torch/utils/data/dataloader.py:624: UserWarning: This DataLoader will create 8 worker processes in total. Our suggested max number of worker in current system is 4, which is smaller than what this DataLoader is going to create. Please be aware that excessive worker creation might get DataLoader running slow or even freeze, lower the worker number to avoid potential slowness/freeze if necessary.
  warnings.warn(
Training:   0%|          | 0/60 [00:00<?, ?it/s]
/cluster/CBIO/home/hfeki/miniconda3/envs/hfeki/lib/python3.10/site-packages/torch/utils/data/dataloader.py:624: UserWarning: This DataLoader will create 8 worker processes in total. Our suggested max number of worker in current system is 4, which is smaller than what this DataLoader is going to create. Please be aware that excessive worker creation might get DataLoader running slow or even freeze, lower the worker number to avoid potential slowness/freeze if necessary.
  warnings.warn(
Validation:   0%|          | 0/15 [00:00<?, ?it/s]
2025-07-03 12:28:27,562 - utils.alice_utils - INFO - Fold 4, Epoch 5/10 | Train Loss: 0.6113, Train Balanced Acc: 0.7281, Train Auc-ROC score: 0.8064 | Val Loss: 0.6143, Val Balanced Acc: 0.6931, Val Auc-ROC score: 0.7799 | 
/cluster/CBIO/home/hfeki/miniconda3/envs/hfeki/lib/python3.10/site-packages/torch/utils/data/dataloader.py:624: UserWarning: This DataLoader will create 8 worker processes in total. Our suggested max number of worker in current system is 4, which is smaller than what this DataLoader is going to create. Please be aware that excessive worker creation might get DataLoader running slow or even freeze, lower the worker number to avoid potential slowness/freeze if necessary.
  warnings.warn(
Training:   0%|          | 0/60 [00:00<?, ?it/s]
/cluster/CBIO/home/hfeki/miniconda3/envs/hfeki/lib/python3.10/site-packages/torch/utils/data/dataloader.py:624: UserWarning: This DataLoader will create 8 worker processes in total. Our suggested max number of worker in current system is 4, which is smaller than what this DataLoader is going to create. Please be aware that excessive worker creation might get DataLoader running slow or even freeze, lower the worker number to avoid potential slowness/freeze if necessary.
  warnings.warn(
Validation:   0%|          | 0/15 [00:00<?, ?it/s]
2025-07-03 12:28:31,667 - utils.alice_utils - INFO - Fold 4, Epoch 6/10 | Train Loss: 0.6096, Train Balanced Acc: 0.7177, Train Auc-ROC score: 0.7934 | Val Loss: 0.6194, Val Balanced Acc: 0.6990, Val Auc-ROC score: 0.7808 | 
/cluster/CBIO/home/hfeki/miniconda3/envs/hfeki/lib/python3.10/site-packages/torch/utils/data/dataloader.py:624: UserWarning: This DataLoader will create 8 worker processes in total. Our suggested max number of worker in current system is 4, which is smaller than what this DataLoader is going to create. Please be aware that excessive worker creation might get DataLoader running slow or even freeze, lower the worker number to avoid potential slowness/freeze if necessary.
  warnings.warn(
Training:   0%|          | 0/60 [00:00<?, ?it/s]
/cluster/CBIO/home/hfeki/miniconda3/envs/hfeki/lib/python3.10/site-packages/torch/utils/data/dataloader.py:624: UserWarning: This DataLoader will create 8 worker processes in total. Our suggested max number of worker in current system is 4, which is smaller than what this DataLoader is going to create. Please be aware that excessive worker creation might get DataLoader running slow or even freeze, lower the worker number to avoid potential slowness/freeze if necessary.
  warnings.warn(
Validation:   0%|          | 0/15 [00:00<?, ?it/s]
2025-07-03 12:28:35,853 - utils.alice_utils - INFO - Fold 4, Epoch 7/10 | Train Loss: 0.6038, Train Balanced Acc: 0.7276, Train Auc-ROC score: 0.8008 | Val Loss: 0.6179, Val Balanced Acc: 0.6934, Val Auc-ROC score: 0.7820 | 
/cluster/CBIO/home/hfeki/miniconda3/envs/hfeki/lib/python3.10/site-packages/torch/utils/data/dataloader.py:624: UserWarning: This DataLoader will create 8 worker processes in total. Our suggested max number of worker in current system is 4, which is smaller than what this DataLoader is going to create. Please be aware that excessive worker creation might get DataLoader running slow or even freeze, lower the worker number to avoid potential slowness/freeze if necessary.
  warnings.warn(
Training:   0%|          | 0/60 [00:00<?, ?it/s]
/cluster/CBIO/home/hfeki/miniconda3/envs/hfeki/lib/python3.10/site-packages/torch/utils/data/dataloader.py:624: UserWarning: This DataLoader will create 8 worker processes in total. Our suggested max number of worker in current system is 4, which is smaller than what this DataLoader is going to create. Please be aware that excessive worker creation might get DataLoader running slow or even freeze, lower the worker number to avoid potential slowness/freeze if necessary.
  warnings.warn(
Validation:   0%|          | 0/15 [00:00<?, ?it/s]
2025-07-03 12:28:40,113 - utils.alice_utils - INFO - Fold 4, Epoch 8/10 | Train Loss: 0.5983, Train Balanced Acc: 0.7308, Train Auc-ROC score: 0.8067 | Val Loss: 0.6145, Val Balanced Acc: 0.7019, Val Auc-ROC score: 0.7827 | 
/cluster/CBIO/home/hfeki/miniconda3/envs/hfeki/lib/python3.10/site-packages/torch/utils/data/dataloader.py:624: UserWarning: This DataLoader will create 8 worker processes in total. Our suggested max number of worker in current system is 4, which is smaller than what this DataLoader is going to create. Please be aware that excessive worker creation might get DataLoader running slow or even freeze, lower the worker number to avoid potential slowness/freeze if necessary.
  warnings.warn(
Training:   0%|          | 0/60 [00:00<?, ?it/s]
/cluster/CBIO/home/hfeki/miniconda3/envs/hfeki/lib/python3.10/site-packages/torch/utils/data/dataloader.py:624: UserWarning: This DataLoader will create 8 worker processes in total. Our suggested max number of worker in current system is 4, which is smaller than what this DataLoader is going to create. Please be aware that excessive worker creation might get DataLoader running slow or even freeze, lower the worker number to avoid potential slowness/freeze if necessary.
  warnings.warn(
Validation:   0%|          | 0/15 [00:00<?, ?it/s]
2025-07-03 12:28:43,974 - utils.alice_utils - INFO - Fold 4, Epoch 9/10 | Train Loss: 0.5954, Train Balanced Acc: 0.7374, Train Auc-ROC score: 0.8101 | Val Loss: 0.6148, Val Balanced Acc: 0.6985, Val Auc-ROC score: 0.7825 | 
/cluster/CBIO/home/hfeki/miniconda3/envs/hfeki/lib/python3.10/site-packages/torch/utils/data/dataloader.py:624: UserWarning: This DataLoader will create 8 worker processes in total. Our suggested max number of worker in current system is 4, which is smaller than what this DataLoader is going to create. Please be aware that excessive worker creation might get DataLoader running slow or even freeze, lower the worker number to avoid potential slowness/freeze if necessary.
  warnings.warn(
Training:   0%|          | 0/60 [00:00<?, ?it/s]
/cluster/CBIO/home/hfeki/miniconda3/envs/hfeki/lib/python3.10/site-packages/torch/utils/data/dataloader.py:624: UserWarning: This DataLoader will create 8 worker processes in total. Our suggested max number of worker in current system is 4, which is smaller than what this DataLoader is going to create. Please be aware that excessive worker creation might get DataLoader running slow or even freeze, lower the worker number to avoid potential slowness/freeze if necessary.
  warnings.warn(
Validation:   0%|          | 0/15 [00:00<?, ?it/s]
2025-07-03 12:28:47,852 - utils.alice_utils - INFO - Fold 4, Epoch 10/10 | Train Loss: 0.5952, Train Balanced Acc: 0.7243, Train Auc-ROC score: 0.8079 | Val Loss: 0.6171, Val Balanced Acc: 0.7022, Val Auc-ROC score: 0.7807 | 
2025-07-03 12:28:47,853 - utils.alice_utils - INFO - Fold 4 - Best Validation Auc-Roc score : 0.7827
2025-07-03 12:28:47,853 - utils.alice_utils - INFO - Starting Fold 5
/cluster/CBIO/home/hfeki/miniconda3/envs/hfeki/lib/python3.10/site-packages/torch/utils/data/dataloader.py:624: UserWarning: This DataLoader will create 8 worker processes in total. Our suggested max number of worker in current system is 4, which is smaller than what this DataLoader is going to create. Please be aware that excessive worker creation might get DataLoader running slow or even freeze, lower the worker number to avoid potential slowness/freeze if necessary.
  warnings.warn(
Training:   0%|          | 0/60 [00:00<?, ?it/s]
/cluster/CBIO/home/hfeki/miniconda3/envs/hfeki/lib/python3.10/site-packages/torch/utils/data/dataloader.py:624: UserWarning: This DataLoader will create 8 worker processes in total. Our suggested max number of worker in current system is 4, which is smaller than what this DataLoader is going to create. Please be aware that excessive worker creation might get DataLoader running slow or even freeze, lower the worker number to avoid potential slowness/freeze if necessary.
  warnings.warn(
Validation:   0%|          | 0/15 [00:00<?, ?it/s]
2025-07-03 12:28:52,056 - utils.alice_utils - INFO - Fold 5, Epoch 1/10 | Train Loss: 0.6762, Train Balanced Acc: 0.6328, Train Auc-ROC score: 0.6882 | Val Loss: 0.6575, Val Balanced Acc: 0.6705, Val Auc-ROC score: 0.7399 | 
/cluster/CBIO/home/hfeki/miniconda3/envs/hfeki/lib/python3.10/site-packages/torch/utils/data/dataloader.py:624: UserWarning: This DataLoader will create 8 worker processes in total. Our suggested max number of worker in current system is 4, which is smaller than what this DataLoader is going to create. Please be aware that excessive worker creation might get DataLoader running slow or even freeze, lower the worker number to avoid potential slowness/freeze if necessary.
  warnings.warn(
Training:   0%|          | 0/60 [00:00<?, ?it/s]
/cluster/CBIO/home/hfeki/miniconda3/envs/hfeki/lib/python3.10/site-packages/torch/utils/data/dataloader.py:624: UserWarning: This DataLoader will create 8 worker processes in total. Our suggested max number of worker in current system is 4, which is smaller than what this DataLoader is going to create. Please be aware that excessive worker creation might get DataLoader running slow or even freeze, lower the worker number to avoid potential slowness/freeze if necessary.
  warnings.warn(
Validation:   0%|          | 0/15 [00:00<?, ?it/s]
2025-07-03 12:28:56,324 - utils.alice_utils - INFO - Fold 5, Epoch 2/10 | Train Loss: 0.6554, Train Balanced Acc: 0.6909, Train Auc-ROC score: 0.7618 | Val Loss: 0.6323, Val Balanced Acc: 0.6946, Val Auc-ROC score: 0.7779 | 
/cluster/CBIO/home/hfeki/miniconda3/envs/hfeki/lib/python3.10/site-packages/torch/utils/data/dataloader.py:624: UserWarning: This DataLoader will create 8 worker processes in total. Our suggested max number of worker in current system is 4, which is smaller than what this DataLoader is going to create. Please be aware that excessive worker creation might get DataLoader running slow or even freeze, lower the worker number to avoid potential slowness/freeze if necessary.
  warnings.warn(
Training:   0%|          | 0/60 [00:00<?, ?it/s]
/cluster/CBIO/home/hfeki/miniconda3/envs/hfeki/lib/python3.10/site-packages/torch/utils/data/dataloader.py:624: UserWarning: This DataLoader will create 8 worker processes in total. Our suggested max number of worker in current system is 4, which is smaller than what this DataLoader is going to create. Please be aware that excessive worker creation might get DataLoader running slow or even freeze, lower the worker number to avoid potential slowness/freeze if necessary.
  warnings.warn(
Validation:   0%|          | 0/15 [00:00<?, ?it/s]
2025-07-03 12:29:00,491 - utils.alice_utils - INFO - Fold 5, Epoch 3/10 | Train Loss: 0.6372, Train Balanced Acc: 0.7154, Train Auc-ROC score: 0.7870 | Val Loss: 0.6257, Val Balanced Acc: 0.7138, Val Auc-ROC score: 0.7919 | 
/cluster/CBIO/home/hfeki/miniconda3/envs/hfeki/lib/python3.10/site-packages/torch/utils/data/dataloader.py:624: UserWarning: This DataLoader will create 8 worker processes in total. Our suggested max number of worker in current system is 4, which is smaller than what this DataLoader is going to create. Please be aware that excessive worker creation might get DataLoader running slow or even freeze, lower the worker number to avoid potential slowness/freeze if necessary.
  warnings.warn(
Training:   0%|          | 0/60 [00:00<?, ?it/s]
/cluster/CBIO/home/hfeki/miniconda3/envs/hfeki/lib/python3.10/site-packages/torch/utils/data/dataloader.py:624: UserWarning: This DataLoader will create 8 worker processes in total. Our suggested max number of worker in current system is 4, which is smaller than what this DataLoader is going to create. Please be aware that excessive worker creation might get DataLoader running slow or even freeze, lower the worker number to avoid potential slowness/freeze if necessary.
  warnings.warn(
Validation:   0%|          | 0/15 [00:00<?, ?it/s]
2025-07-03 12:29:04,810 - utils.alice_utils - INFO - Fold 5, Epoch 4/10 | Train Loss: 0.6275, Train Balanced Acc: 0.7094, Train Auc-ROC score: 0.7815 | Val Loss: 0.6147, Val Balanced Acc: 0.7157, Val Auc-ROC score: 0.7953 | 
/cluster/CBIO/home/hfeki/miniconda3/envs/hfeki/lib/python3.10/site-packages/torch/utils/data/dataloader.py:624: UserWarning: This DataLoader will create 8 worker processes in total. Our suggested max number of worker in current system is 4, which is smaller than what this DataLoader is going to create. Please be aware that excessive worker creation might get DataLoader running slow or even freeze, lower the worker number to avoid potential slowness/freeze if necessary.
  warnings.warn(
Training:   0%|          | 0/60 [00:00<?, ?it/s]
/cluster/CBIO/home/hfeki/miniconda3/envs/hfeki/lib/python3.10/site-packages/torch/utils/data/dataloader.py:624: UserWarning: This DataLoader will create 8 worker processes in total. Our suggested max number of worker in current system is 4, which is smaller than what this DataLoader is going to create. Please be aware that excessive worker creation might get DataLoader running slow or even freeze, lower the worker number to avoid potential slowness/freeze if necessary.
  warnings.warn(
Validation:   0%|          | 0/15 [00:00<?, ?it/s]
2025-07-03 12:29:09,053 - utils.alice_utils - INFO - Fold 5, Epoch 5/10 | Train Loss: 0.6121, Train Balanced Acc: 0.7288, Train Auc-ROC score: 0.8023 | Val Loss: 0.6044, Val Balanced Acc: 0.7190, Val Auc-ROC score: 0.7995 | 
/cluster/CBIO/home/hfeki/miniconda3/envs/hfeki/lib/python3.10/site-packages/torch/utils/data/dataloader.py:624: UserWarning: This DataLoader will create 8 worker processes in total. Our suggested max number of worker in current system is 4, which is smaller than what this DataLoader is going to create. Please be aware that excessive worker creation might get DataLoader running slow or even freeze, lower the worker number to avoid potential slowness/freeze if necessary.
  warnings.warn(
Training:   0%|          | 0/60 [00:00<?, ?it/s]
/cluster/CBIO/home/hfeki/miniconda3/envs/hfeki/lib/python3.10/site-packages/torch/utils/data/dataloader.py:624: UserWarning: This DataLoader will create 8 worker processes in total. Our suggested max number of worker in current system is 4, which is smaller than what this DataLoader is going to create. Please be aware that excessive worker creation might get DataLoader running slow or even freeze, lower the worker number to avoid potential slowness/freeze if necessary.
  warnings.warn(
Validation:   0%|          | 0/15 [00:00<?, ?it/s]
2025-07-03 12:29:13,353 - utils.alice_utils - INFO - Fold 5, Epoch 6/10 | Train Loss: 0.6091, Train Balanced Acc: 0.7178, Train Auc-ROC score: 0.7938 | Val Loss: 0.5996, Val Balanced Acc: 0.7216, Val Auc-ROC score: 0.8025 | 
/cluster/CBIO/home/hfeki/miniconda3/envs/hfeki/lib/python3.10/site-packages/torch/utils/data/dataloader.py:624: UserWarning: This DataLoader will create 8 worker processes in total. Our suggested max number of worker in current system is 4, which is smaller than what this DataLoader is going to create. Please be aware that excessive worker creation might get DataLoader running slow or even freeze, lower the worker number to avoid potential slowness/freeze if necessary.
  warnings.warn(
Training:   0%|          | 0/60 [00:00<?, ?it/s]
/cluster/CBIO/home/hfeki/miniconda3/envs/hfeki/lib/python3.10/site-packages/torch/utils/data/dataloader.py:624: UserWarning: This DataLoader will create 8 worker processes in total. Our suggested max number of worker in current system is 4, which is smaller than what this DataLoader is going to create. Please be aware that excessive worker creation might get DataLoader running slow or even freeze, lower the worker number to avoid potential slowness/freeze if necessary.
  warnings.warn(
Validation:   0%|          | 0/15 [00:00<?, ?it/s]
2025-07-03 12:29:17,623 - utils.alice_utils - INFO - Fold 5, Epoch 7/10 | Train Loss: 0.5997, Train Balanced Acc: 0.7231, Train Auc-ROC score: 0.8050 | Val Loss: 0.5976, Val Balanced Acc: 0.7233, Val Auc-ROC score: 0.8039 | 
/cluster/CBIO/home/hfeki/miniconda3/envs/hfeki/lib/python3.10/site-packages/torch/utils/data/dataloader.py:624: UserWarning: This DataLoader will create 8 worker processes in total. Our suggested max number of worker in current system is 4, which is smaller than what this DataLoader is going to create. Please be aware that excessive worker creation might get DataLoader running slow or even freeze, lower the worker number to avoid potential slowness/freeze if necessary.
  warnings.warn(
Training:   0%|          | 0/60 [00:00<?, ?it/s]
/cluster/CBIO/home/hfeki/miniconda3/envs/hfeki/lib/python3.10/site-packages/torch/utils/data/dataloader.py:624: UserWarning: This DataLoader will create 8 worker processes in total. Our suggested max number of worker in current system is 4, which is smaller than what this DataLoader is going to create. Please be aware that excessive worker creation might get DataLoader running slow or even freeze, lower the worker number to avoid potential slowness/freeze if necessary.
  warnings.warn(
Validation:   0%|          | 0/15 [00:00<?, ?it/s]
2025-07-03 12:29:21,754 - utils.alice_utils - INFO - Fold 5, Epoch 8/10 | Train Loss: 0.6003, Train Balanced Acc: 0.7189, Train Auc-ROC score: 0.7996 | Val Loss: 0.5962, Val Balanced Acc: 0.7275, Val Auc-ROC score: 0.8055 | 
/cluster/CBIO/home/hfeki/miniconda3/envs/hfeki/lib/python3.10/site-packages/torch/utils/data/dataloader.py:624: UserWarning: This DataLoader will create 8 worker processes in total. Our suggested max number of worker in current system is 4, which is smaller than what this DataLoader is going to create. Please be aware that excessive worker creation might get DataLoader running slow or even freeze, lower the worker number to avoid potential slowness/freeze if necessary.
  warnings.warn(
Training:   0%|          | 0/60 [00:00<?, ?it/s]
/cluster/CBIO/home/hfeki/miniconda3/envs/hfeki/lib/python3.10/site-packages/torch/utils/data/dataloader.py:624: UserWarning: This DataLoader will create 8 worker processes in total. Our suggested max number of worker in current system is 4, which is smaller than what this DataLoader is going to create. Please be aware that excessive worker creation might get DataLoader running slow or even freeze, lower the worker number to avoid potential slowness/freeze if necessary.
  warnings.warn(
Validation:   0%|          | 0/15 [00:00<?, ?it/s]
2025-07-03 12:29:26,013 - utils.alice_utils - INFO - Fold 5, Epoch 9/10 | Train Loss: 0.5979, Train Balanced Acc: 0.7247, Train Auc-ROC score: 0.8002 | Val Loss: 0.6008, Val Balanced Acc: 0.7288, Val Auc-ROC score: 0.8055 | 
/cluster/CBIO/home/hfeki/miniconda3/envs/hfeki/lib/python3.10/site-packages/torch/utils/data/dataloader.py:624: UserWarning: This DataLoader will create 8 worker processes in total. Our suggested max number of worker in current system is 4, which is smaller than what this DataLoader is going to create. Please be aware that excessive worker creation might get DataLoader running slow or even freeze, lower the worker number to avoid potential slowness/freeze if necessary.
  warnings.warn(
Training:   0%|          | 0/60 [00:00<?, ?it/s]
/cluster/CBIO/home/hfeki/miniconda3/envs/hfeki/lib/python3.10/site-packages/torch/utils/data/dataloader.py:624: UserWarning: This DataLoader will create 8 worker processes in total. Our suggested max number of worker in current system is 4, which is smaller than what this DataLoader is going to create. Please be aware that excessive worker creation might get DataLoader running slow or even freeze, lower the worker number to avoid potential slowness/freeze if necessary.
  warnings.warn(
Validation:   0%|          | 0/15 [00:00<?, ?it/s]
2025-07-03 12:29:30,190 - utils.alice_utils - INFO - Fold 5, Epoch 10/10 | Train Loss: 0.5994, Train Balanced Acc: 0.7221, Train Auc-ROC score: 0.7983 | Val Loss: 0.5965, Val Balanced Acc: 0.7333, Val Auc-ROC score: 0.8063 | 
2025-07-03 12:29:30,192 - utils.alice_utils - INFO - Fold 5 - Best Validation Auc-Roc score : 0.8063
2025-07-03 12:29:30,193 - utils.alice_utils - INFO - Average Validation Auc-Roc score : 0.8039  0.0122
2025-07-03 12:29:30,193 - utils.alice_utils - INFO - Evaluating on test set...
/cluster/CBIO/home/hfeki/miniconda3/envs/hfeki/lib/python3.10/site-packages/torch/utils/data/dataloader.py:624: UserWarning: This DataLoader will create 8 worker processes in total. Our suggested max number of worker in current system is 4, which is smaller than what this DataLoader is going to create. Please be aware that excessive worker creation might get DataLoader running slow or even freeze, lower the worker number to avoid potential slowness/freeze if necessary.
  warnings.warn(
Test:   0%|          | 0/19 [00:00<?, ?it/s]
2025-07-03 12:29:31,763 - utils.alice_utils - INFO - Fold 1 - Test Balanced Accuracy: 0.7405 - Test AUC-ROC score: 0.8125
/cluster/CBIO/home/hfeki/miniconda3/envs/hfeki/lib/python3.10/site-packages/torch/utils/data/dataloader.py:624: UserWarning: This DataLoader will create 8 worker processes in total. Our suggested max number of worker in current system is 4, which is smaller than what this DataLoader is going to create. Please be aware that excessive worker creation might get DataLoader running slow or even freeze, lower the worker number to avoid potential slowness/freeze if necessary.
  warnings.warn(
Test:   0%|          | 0/19 [00:00<?, ?it/s]
2025-07-03 12:29:33,289 - utils.alice_utils - INFO - Fold 2 - Test Balanced Accuracy: 0.7423 - Test AUC-ROC score: 0.8169
/cluster/CBIO/home/hfeki/miniconda3/envs/hfeki/lib/python3.10/site-packages/torch/utils/data/dataloader.py:624: UserWarning: This DataLoader will create 8 worker processes in total. Our suggested max number of worker in current system is 4, which is smaller than what this DataLoader is going to create. Please be aware that excessive worker creation might get DataLoader running slow or even freeze, lower the worker number to avoid potential slowness/freeze if necessary.
  warnings.warn(
Test:   0%|          | 0/19 [00:00<?, ?it/s]
2025-07-03 12:29:34,823 - utils.alice_utils - INFO - Fold 3 - Test Balanced Accuracy: 0.7434 - Test AUC-ROC score: 0.8150
/cluster/CBIO/home/hfeki/miniconda3/envs/hfeki/lib/python3.10/site-packages/torch/utils/data/dataloader.py:624: UserWarning: This DataLoader will create 8 worker processes in total. Our suggested max number of worker in current system is 4, which is smaller than what this DataLoader is going to create. Please be aware that excessive worker creation might get DataLoader running slow or even freeze, lower the worker number to avoid potential slowness/freeze if necessary.
  warnings.warn(
Test:   0%|          | 0/19 [00:00<?, ?it/s]
2025-07-03 12:29:36,331 - utils.alice_utils - INFO - Fold 4 - Test Balanced Accuracy: 0.7475 - Test AUC-ROC score: 0.8211
/cluster/CBIO/home/hfeki/miniconda3/envs/hfeki/lib/python3.10/site-packages/torch/utils/data/dataloader.py:624: UserWarning: This DataLoader will create 8 worker processes in total. Our suggested max number of worker in current system is 4, which is smaller than what this DataLoader is going to create. Please be aware that excessive worker creation might get DataLoader running slow or even freeze, lower the worker number to avoid potential slowness/freeze if necessary.
  warnings.warn(
Test:   0%|          | 0/19 [00:00<?, ?it/s]
2025-07-03 12:29:37,828 - utils.alice_utils - INFO - Fold 5 - Test Balanced Accuracy: 0.7373 - Test AUC-ROC score: 0.8121
2025-07-03 12:29:37,828 - utils.alice_utils - INFO - Average Test Balanced Accuracy: 0.7422  0.0034 | Average AUC-ROC score: 0.8155  0.0033
